14-Apr-2023 20:25:17.564 INFO [main] jdk.internal.reflect.NativeMethodAccessorImpl.invoke Server version name:   Apache Tomcat/10.0.27
14-Apr-2023 20:25:17.565 INFO [main] jdk.internal.reflect.NativeMethodAccessorImpl.invoke Server built:          Oct 3 2022 14:18:31 UTC
14-Apr-2023 20:25:17.565 INFO [main] jdk.internal.reflect.NativeMethodAccessorImpl.invoke Server version number: 10.0.27.0
14-Apr-2023 20:25:17.565 INFO [main] jdk.internal.reflect.NativeMethodAccessorImpl.invoke OS Name:               Linux
14-Apr-2023 20:25:17.565 INFO [main] jdk.internal.reflect.NativeMethodAccessorImpl.invoke OS Version:            6.2.9-100.fc36.x86_64
14-Apr-2023 20:25:17.565 INFO [main] jdk.internal.reflect.NativeMethodAccessorImpl.invoke Architecture:          amd64
14-Apr-2023 20:25:17.565 INFO [main] jdk.internal.reflect.NativeMethodAccessorImpl.invoke Java Home:             /usr/lib/jvm/java-17-openjdk-17.0.6.0.10-1.fc36.x86_64
14-Apr-2023 20:25:17.565 INFO [main] jdk.internal.reflect.NativeMethodAccessorImpl.invoke JVM Version:           17.0.6+10
14-Apr-2023 20:25:17.565 INFO [main] jdk.internal.reflect.NativeMethodAccessorImpl.invoke JVM Vendor:            Red Hat, Inc.
14-Apr-2023 20:25:17.566 INFO [main] jdk.internal.reflect.NativeMethodAccessorImpl.invoke CATALINA_BASE:         /home/gismael/Mine/apache-tomee-webprofile-9.0.0.RC1
14-Apr-2023 20:25:17.566 INFO [main] jdk.internal.reflect.NativeMethodAccessorImpl.invoke CATALINA_HOME:         /home/gismael/Mine/apache-tomee-webprofile-9.0.0.RC1
14-Apr-2023 20:25:17.587 INFO [main] jdk.internal.reflect.NativeMethodAccessorImpl.invoke Command line argument: --add-opens=java.base/java.lang=ALL-UNNAMED
14-Apr-2023 20:25:17.587 INFO [main] jdk.internal.reflect.NativeMethodAccessorImpl.invoke Command line argument: --add-opens=java.base/java.io=ALL-UNNAMED
14-Apr-2023 20:25:17.588 INFO [main] jdk.internal.reflect.NativeMethodAccessorImpl.invoke Command line argument: --add-opens=java.base/java.util=ALL-UNNAMED
14-Apr-2023 20:25:17.588 INFO [main] jdk.internal.reflect.NativeMethodAccessorImpl.invoke Command line argument: --add-opens=java.base/java.util.concurrent=ALL-UNNAMED
14-Apr-2023 20:25:17.588 INFO [main] jdk.internal.reflect.NativeMethodAccessorImpl.invoke Command line argument: --add-opens=java.rmi/sun.rmi.transport=ALL-UNNAMED
14-Apr-2023 20:25:17.588 INFO [main] jdk.internal.reflect.DelegatingMethodAccessorImpl.invoke Command line argument: -Djava.util.logging.config.file=/home/gismael/Mine/apache-tomee-webprofile-9.0.0.RC1/conf/logging.properties
14-Apr-2023 20:25:17.588 INFO [main] jdk.internal.reflect.DelegatingMethodAccessorImpl.invoke Command line argument: -Djava.util.logging.manager=org.apache.juli.ClassLoaderLogManager
14-Apr-2023 20:25:17.588 INFO [main] jdk.internal.reflect.DelegatingMethodAccessorImpl.invoke Command line argument: -javaagent:/home/gismael/Mine/apache-tomee-webprofile-9.0.0.RC1/lib/openejb-javaagent.jar
14-Apr-2023 20:25:17.589 INFO [main] jdk.internal.reflect.DelegatingMethodAccessorImpl.invoke Command line argument: -Djdk.tls.ephemeralDHKeySize=2048
14-Apr-2023 20:25:17.589 INFO [main] jdk.internal.reflect.DelegatingMethodAccessorImpl.invoke Command line argument: -Djava.protocol.handler.pkgs=org.apache.catalina.webresources
14-Apr-2023 20:25:17.589 INFO [main] jdk.internal.reflect.DelegatingMethodAccessorImpl.invoke Command line argument: -Dorg.apache.catalina.security.SecurityListener.UMASK=0027
14-Apr-2023 20:25:17.589 INFO [main] jdk.internal.reflect.DelegatingMethodAccessorImpl.invoke Command line argument: -Dignore.endorsed.dirs=
14-Apr-2023 20:25:17.589 INFO [main] jdk.internal.reflect.DelegatingMethodAccessorImpl.invoke Command line argument: -Dcatalina.base=/home/gismael/Mine/apache-tomee-webprofile-9.0.0.RC1
14-Apr-2023 20:25:17.589 INFO [main] jdk.internal.reflect.DelegatingMethodAccessorImpl.invoke Command line argument: -Dcatalina.home=/home/gismael/Mine/apache-tomee-webprofile-9.0.0.RC1
14-Apr-2023 20:25:17.589 INFO [main] jdk.internal.reflect.DelegatingMethodAccessorImpl.invoke Command line argument: -Djava.io.tmpdir=/home/gismael/Mine/apache-tomee-webprofile-9.0.0.RC1/temp
14-Apr-2023 20:25:17.592 INFO [main] jdk.internal.reflect.DelegatingMethodAccessorImpl.invoke The Apache Tomcat Native library which allows using OpenSSL was not found on the java.library.path: [/usr/java/packages/lib:/usr/lib64:/lib64:/lib:/usr/lib]
14-Apr-2023 20:25:17.973 INFO [main] jdk.internal.reflect.DelegatingMethodAccessorImpl.invoke Initializing ProtocolHandler ["http-nio-8080"]
14-Apr-2023 20:25:18.279 INFO [main] org.apache.openejb.util.OptionsLog.info Using 'openejb.jdbc.datasource-creator=org.apache.tomee.jdbc.TomEEDataSourceCreator'
14-Apr-2023 20:25:18.387 INFO [main] org.apache.openejb.OpenEJB$Instance.<init> ********************************************************************************
14-Apr-2023 20:25:18.388 INFO [main] org.apache.openejb.OpenEJB$Instance.<init> OpenEJB http://tomee.apache.org/
14-Apr-2023 20:25:18.388 INFO [main] org.apache.openejb.OpenEJB$Instance.<init> Startup: Fri Apr 14 20:25:18 CST 2023
14-Apr-2023 20:25:18.388 INFO [main] org.apache.openejb.OpenEJB$Instance.<init> Copyright 1999-2021 (C) Apache TomEE Project, All Rights Reserved.
14-Apr-2023 20:25:18.388 INFO [main] org.apache.openejb.OpenEJB$Instance.<init> Version: 9.0.0.RC1
14-Apr-2023 20:25:18.388 INFO [main] org.apache.openejb.OpenEJB$Instance.<init> Build date: 20221031
14-Apr-2023 20:25:18.388 INFO [main] org.apache.openejb.OpenEJB$Instance.<init> Build time: 10:07
14-Apr-2023 20:25:18.389 INFO [main] org.apache.openejb.OpenEJB$Instance.<init> ********************************************************************************
14-Apr-2023 20:25:18.389 INFO [main] org.apache.openejb.OpenEJB$Instance.<init> openejb.home = /home/gismael/Mine/apache-tomee-webprofile-9.0.0.RC1
14-Apr-2023 20:25:18.389 INFO [main] org.apache.openejb.OpenEJB$Instance.<init> openejb.base = /home/gismael/Mine/apache-tomee-webprofile-9.0.0.RC1
14-Apr-2023 20:25:18.391 INFO [main] org.apache.openejb.cdi.CdiBuilder.initializeOWB Created new singletonService org.apache.openejb.cdi.ThreadSingletonServiceImpl@5b3f61ff
14-Apr-2023 20:25:18.394 INFO [main] org.apache.openejb.cdi.CdiBuilder.initializeOWB Succeeded in installing singleton service
14-Apr-2023 20:25:18.431 INFO [main] org.apache.openejb.config.ConfigurationFactory.init TomEE configuration file is '/home/gismael/Mine/apache-tomee-webprofile-9.0.0.RC1/conf/tomee.xml'
14-Apr-2023 20:25:18.476 INFO [main] org.apache.openejb.config.ConfigurationFactory.configureService Configuring Service(id=Tomcat Security Service, type=SecurityService, provider-id=Tomcat Security Service)
14-Apr-2023 20:25:18.478 INFO [main] org.apache.openejb.config.ConfigurationFactory.configureService Configuring Service(id=Default Transaction Manager, type=TransactionManager, provider-id=Default Transaction Manager)
14-Apr-2023 20:25:18.481 INFO [main] org.apache.openejb.util.OptionsLog.info Using 'openejb.deployments.classpath=false'
14-Apr-2023 20:25:18.485 INFO [main] org.apache.openejb.assembler.classic.Assembler.createRecipe Creating TransactionManager(id=Default Transaction Manager)
14-Apr-2023 20:25:18.549 INFO [main] org.apache.openejb.assembler.classic.Assembler.createRecipe Creating SecurityService(id=Tomcat Security Service)
14-Apr-2023 20:25:18.634 INFO [main] org.apache.openejb.server.ServiceManager.initServer Creating ServerService(id=cxf)
14-Apr-2023 20:25:18.888 INFO [main] org.apache.openejb.server.ServiceManager.initServer Creating ServerService(id=cxf-rs)
14-Apr-2023 20:25:18.912 INFO [main] org.apache.openejb.server.SimpleServiceManager.start   ** Bound Services **
14-Apr-2023 20:25:18.912 INFO [main] org.apache.openejb.server.SimpleServiceManager.printRow   NAME                 IP              PORT  
14-Apr-2023 20:25:18.912 INFO [main] org.apache.openejb.server.SimpleServiceManager.start -------
14-Apr-2023 20:25:18.912 INFO [main] org.apache.openejb.server.SimpleServiceManager.start Ready!
14-Apr-2023 20:25:18.913 INFO [main] jdk.internal.reflect.DelegatingMethodAccessorImpl.invoke Server initialization in [1636] milliseconds
14-Apr-2023 20:25:18.953 INFO [main] org.apache.tomee.catalina.OpenEJBNamingContextListener.bindResource Importing a Tomcat Resource with id 'UserDatabase' of type 'org.apache.catalina.UserDatabase'.
14-Apr-2023 20:25:18.954 INFO [main] org.apache.openejb.assembler.classic.Assembler.createRecipe Creating Resource(id=UserDatabase)
14-Apr-2023 20:25:18.976 INFO [main] jdk.internal.reflect.DelegatingMethodAccessorImpl.invoke Starting service [Catalina]
14-Apr-2023 20:25:18.976 INFO [main] jdk.internal.reflect.DelegatingMethodAccessorImpl.invoke Starting Servlet engine: [Apache Tomcat/10.0.27]
14-Apr-2023 20:25:18.995 INFO [main] jdk.internal.reflect.DelegatingMethodAccessorImpl.invoke Deploying web application archive [/home/gismael/Mine/apache-tomee-webprofile-9.0.0.RC1/webapps/yaop.war]
14-Apr-2023 20:25:19.005 INFO [main] org.apache.tomee.catalina.TomcatWebAppBuilder.init ------------------------- localhost -> /yaop
14-Apr-2023 20:25:19.261 INFO [main] org.apache.openejb.config.ConfigurationFactory.configureApplication Configuring enterprise application: /home/gismael/Mine/apache-tomee-webprofile-9.0.0.RC1/webapps/yaop
14-Apr-2023 20:25:19.377 INFO [main] org.apache.openejb.config.ConfigurationFactory.configureService Configuring Service(id=Default Managed Container, type=Container, provider-id=Default Managed Container)
14-Apr-2023 20:25:19.378 INFO [main] org.apache.openejb.config.AutoConfig.createContainer Auto-creating a container for bean yaop.Comp538618049: Container(type=MANAGED, id=Default Managed Container)
14-Apr-2023 20:25:19.378 INFO [main] org.apache.openejb.assembler.classic.Assembler.createRecipe Creating Container(id=Default Managed Container)
14-Apr-2023 20:25:19.389 INFO [main] org.apache.openejb.core.managed.SimplePassivater.init Using directory /home/gismael/Mine/apache-tomee-webprofile-9.0.0.RC1/temp for stateful session passivation
14-Apr-2023 20:25:19.427 INFO [main] org.apache.openejb.config.AppInfoBuilder.build Enterprise application "/home/gismael/Mine/apache-tomee-webprofile-9.0.0.RC1/webapps/yaop" loaded.
14-Apr-2023 20:25:19.446 INFO [main] org.apache.openejb.assembler.classic.Assembler.createApplication Assembling app: /home/gismael/Mine/apache-tomee-webprofile-9.0.0.RC1/webapps/yaop
14-Apr-2023 20:25:19.606 INFO [main] org.apache.openejb.assembler.classic.ValidatorBuilder.getConfig Ignoring XML Configuration for validator org.apache.bval.jsr.ConfigurationImpl
14-Apr-2023 20:25:19.659 INFO [main] org.apache.openejb.assembler.classic.Assembler.createApplication Deployed Application(path=/home/gismael/Mine/apache-tomee-webprofile-9.0.0.RC1/webapps/yaop)
14-Apr-2023 20:25:19.787 INFO [main] org.apache.myfaces.ee.MyFacesContainerInitializer.onStartup Using org.apache.myfaces.ee.MyFacesContainerInitializer
14-Apr-2023 20:25:19.904 INFO [main] jdk.internal.reflect.DelegatingMethodAccessorImpl.invoke Deployment of web application archive [/home/gismael/Mine/apache-tomee-webprofile-9.0.0.RC1/webapps/yaop.war] has finished in [909] ms
14-Apr-2023 20:25:19.905 INFO [main] jdk.internal.reflect.DelegatingMethodAccessorImpl.invoke Deploying web application directory [/home/gismael/Mine/apache-tomee-webprofile-9.0.0.RC1/webapps/docs]
14-Apr-2023 20:25:19.905 INFO [main] org.apache.tomee.catalina.TomcatWebAppBuilder.init ------------------------- localhost -> /docs
14-Apr-2023 20:25:19.930 INFO [main] org.apache.openejb.config.ConfigurationFactory.configureApplication Configuring enterprise application: /home/gismael/Mine/apache-tomee-webprofile-9.0.0.RC1/webapps/docs
14-Apr-2023 20:25:19.935 INFO [main] org.apache.openejb.config.AppInfoBuilder.build Enterprise application "/home/gismael/Mine/apache-tomee-webprofile-9.0.0.RC1/webapps/docs" loaded.
14-Apr-2023 20:25:19.935 INFO [main] org.apache.openejb.assembler.classic.Assembler.createApplication Assembling app: /home/gismael/Mine/apache-tomee-webprofile-9.0.0.RC1/webapps/docs
14-Apr-2023 20:25:19.941 INFO [main] org.apache.openejb.assembler.classic.ValidatorBuilder.getConfig Ignoring XML Configuration for validator org.apache.bval.jsr.ConfigurationImpl
14-Apr-2023 20:25:19.945 INFO [main] org.apache.openejb.assembler.classic.Assembler.createApplication Deployed Application(path=/home/gismael/Mine/apache-tomee-webprofile-9.0.0.RC1/webapps/docs)
14-Apr-2023 20:25:19.962 INFO [main] org.apache.myfaces.ee.MyFacesContainerInitializer.onStartup Using org.apache.myfaces.ee.MyFacesContainerInitializer
14-Apr-2023 20:25:19.983 INFO [main] jdk.internal.reflect.DelegatingMethodAccessorImpl.invoke Deployment of web application directory [/home/gismael/Mine/apache-tomee-webprofile-9.0.0.RC1/webapps/docs] has finished in [77] ms
14-Apr-2023 20:25:19.983 INFO [main] jdk.internal.reflect.DelegatingMethodAccessorImpl.invoke Deploying web application directory [/home/gismael/Mine/apache-tomee-webprofile-9.0.0.RC1/webapps/host-manager]
14-Apr-2023 20:25:19.986 INFO [main] org.apache.tomee.catalina.TomcatWebAppBuilder.init ------------------------- localhost -> /host-manager
14-Apr-2023 20:25:20.021 INFO [main] org.apache.openejb.config.ConfigurationFactory.configureApplication Configuring enterprise application: /home/gismael/Mine/apache-tomee-webprofile-9.0.0.RC1/webapps/host-manager
14-Apr-2023 20:25:20.027 INFO [main] org.apache.openejb.config.AppInfoBuilder.build Enterprise application "/home/gismael/Mine/apache-tomee-webprofile-9.0.0.RC1/webapps/host-manager" loaded.
14-Apr-2023 20:25:20.028 INFO [main] org.apache.openejb.assembler.classic.Assembler.createApplication Assembling app: /home/gismael/Mine/apache-tomee-webprofile-9.0.0.RC1/webapps/host-manager
14-Apr-2023 20:25:20.033 INFO [main] org.apache.openejb.assembler.classic.ValidatorBuilder.getConfig Ignoring XML Configuration for validator org.apache.bval.jsr.ConfigurationImpl
14-Apr-2023 20:25:20.035 INFO [main] org.apache.tomee.catalina.TomcatWebAppBuilder.deployWebApps using context file /home/gismael/Mine/apache-tomee-webprofile-9.0.0.RC1/webapps/host-manager/META-INF/context.xml
14-Apr-2023 20:25:20.036 INFO [main] org.apache.openejb.assembler.classic.Assembler.createApplication Deployed Application(path=/home/gismael/Mine/apache-tomee-webprofile-9.0.0.RC1/webapps/host-manager)
14-Apr-2023 20:25:20.055 INFO [main] org.apache.myfaces.ee.MyFacesContainerInitializer.onStartup Using org.apache.myfaces.ee.MyFacesContainerInitializer
14-Apr-2023 20:25:20.076 INFO [main] jdk.internal.reflect.DelegatingMethodAccessorImpl.invoke Deployment of web application directory [/home/gismael/Mine/apache-tomee-webprofile-9.0.0.RC1/webapps/host-manager] has finished in [93] ms
14-Apr-2023 20:25:20.076 INFO [main] jdk.internal.reflect.DelegatingMethodAccessorImpl.invoke Deploying web application directory [/home/gismael/Mine/apache-tomee-webprofile-9.0.0.RC1/webapps/ROOT]
14-Apr-2023 20:25:20.077 INFO [main] org.apache.tomee.catalina.TomcatWebAppBuilder.init ------------------------- localhost -> /
14-Apr-2023 20:25:20.088 INFO [main] org.apache.openejb.config.ConfigurationFactory.configureApplication Configuring enterprise application: /home/gismael/Mine/apache-tomee-webprofile-9.0.0.RC1/webapps/ROOT
14-Apr-2023 20:25:20.092 INFO [main] org.apache.openejb.config.AppInfoBuilder.build Enterprise application "/home/gismael/Mine/apache-tomee-webprofile-9.0.0.RC1/webapps/ROOT" loaded.
14-Apr-2023 20:25:20.092 INFO [main] org.apache.openejb.assembler.classic.Assembler.createApplication Assembling app: /home/gismael/Mine/apache-tomee-webprofile-9.0.0.RC1/webapps/ROOT
14-Apr-2023 20:25:20.097 INFO [main] org.apache.openejb.assembler.classic.ValidatorBuilder.getConfig Ignoring XML Configuration for validator org.apache.bval.jsr.ConfigurationImpl
14-Apr-2023 20:25:20.099 INFO [main] org.apache.openejb.assembler.classic.Assembler.createApplication Deployed Application(path=/home/gismael/Mine/apache-tomee-webprofile-9.0.0.RC1/webapps/ROOT)
14-Apr-2023 20:25:20.113 INFO [main] org.apache.myfaces.ee.MyFacesContainerInitializer.onStartup Using org.apache.myfaces.ee.MyFacesContainerInitializer
14-Apr-2023 20:25:20.129 INFO [main] jdk.internal.reflect.DelegatingMethodAccessorImpl.invoke Deployment of web application directory [/home/gismael/Mine/apache-tomee-webprofile-9.0.0.RC1/webapps/ROOT] has finished in [53] ms
14-Apr-2023 20:25:20.129 INFO [main] jdk.internal.reflect.DelegatingMethodAccessorImpl.invoke Deploying web application directory [/home/gismael/Mine/apache-tomee-webprofile-9.0.0.RC1/webapps/manager]
14-Apr-2023 20:25:20.131 INFO [main] org.apache.tomee.catalina.TomcatWebAppBuilder.init ------------------------- localhost -> /manager
14-Apr-2023 20:25:20.153 INFO [main] org.apache.openejb.config.ConfigurationFactory.configureApplication Configuring enterprise application: /home/gismael/Mine/apache-tomee-webprofile-9.0.0.RC1/webapps/manager
14-Apr-2023 20:25:20.162 INFO [main] org.apache.openejb.config.AppInfoBuilder.build Enterprise application "/home/gismael/Mine/apache-tomee-webprofile-9.0.0.RC1/webapps/manager" loaded.
14-Apr-2023 20:25:20.163 INFO [main] org.apache.openejb.assembler.classic.Assembler.createApplication Assembling app: /home/gismael/Mine/apache-tomee-webprofile-9.0.0.RC1/webapps/manager
14-Apr-2023 20:25:20.168 INFO [main] org.apache.openejb.assembler.classic.ValidatorBuilder.getConfig Ignoring XML Configuration for validator org.apache.bval.jsr.ConfigurationImpl
14-Apr-2023 20:25:20.172 INFO [main] org.apache.tomee.catalina.TomcatWebAppBuilder.deployWebApps using context file /home/gismael/Mine/apache-tomee-webprofile-9.0.0.RC1/webapps/manager/META-INF/context.xml
14-Apr-2023 20:25:20.172 INFO [main] org.apache.openejb.assembler.classic.Assembler.createApplication Deployed Application(path=/home/gismael/Mine/apache-tomee-webprofile-9.0.0.RC1/webapps/manager)
14-Apr-2023 20:25:20.194 INFO [main] org.apache.myfaces.ee.MyFacesContainerInitializer.onStartup Using org.apache.myfaces.ee.MyFacesContainerInitializer
14-Apr-2023 20:25:20.216 INFO [main] jdk.internal.reflect.DelegatingMethodAccessorImpl.invoke Deployment of web application directory [/home/gismael/Mine/apache-tomee-webprofile-9.0.0.RC1/webapps/manager] has finished in [86] ms
14-Apr-2023 20:25:20.216 INFO [main] jdk.internal.reflect.DelegatingMethodAccessorImpl.invoke Deploying web application directory [/home/gismael/Mine/apache-tomee-webprofile-9.0.0.RC1/webapps/cv]
14-Apr-2023 20:25:20.216 INFO [main] org.apache.tomee.catalina.TomcatWebAppBuilder.init ------------------------- localhost -> /cv
14-Apr-2023 20:25:20.763 INFO [main] org.apache.openejb.config.ConfigurationFactory.configureApplication Configuring enterprise application: /home/gismael/Mine/apache-tomee-webprofile-9.0.0.RC1/webapps/cv
14-Apr-2023 20:25:21.040 INFO [main] org.apache.openejb.config.AutoConfig.deploy Configuring PersistenceUnit(name=default)
14-Apr-2023 20:25:21.042 INFO [main] org.apache.openejb.config.ConfigurationFactory.configureService Configuring Service(id=Default JDBC Database, type=Resource, provider-id=Default JDBC Database)
14-Apr-2023 20:25:21.043 INFO [main] org.apache.openejb.config.AutoConfig.logAutoCreateResource Auto-creating a Resource with id 'Default JDBC Database' of type 'DataSource' for 'default'.
14-Apr-2023 20:25:21.044 INFO [main] org.apache.openejb.assembler.classic.Assembler.createRecipe Creating Resource(id=Default JDBC Database)
14-Apr-2023 20:25:21.451 INFO [main] org.apache.openejb.config.ConfigurationFactory.configureService Configuring Service(id=Default Unmanaged JDBC Database, type=Resource, provider-id=Default Unmanaged JDBC Database)
14-Apr-2023 20:25:21.451 INFO [main] org.apache.openejb.config.AutoConfig.logAutoCreateResource Auto-creating a Resource with id 'Default Unmanaged JDBC Database' of type 'DataSource' for 'default'.
14-Apr-2023 20:25:21.451 INFO [main] org.apache.openejb.assembler.classic.Assembler.createRecipe Creating Resource(id=Default Unmanaged JDBC Database)
14-Apr-2023 20:25:21.463 INFO [main] org.apache.openejb.config.AutoConfig.setJtaDataSource Adjusting PersistenceUnit default <jta-data-source> to Resource ID 'Default JDBC Database' from 'null'
14-Apr-2023 20:25:21.463 INFO [main] org.apache.openejb.config.AutoConfig.setNonJtaDataSource Adjusting PersistenceUnit default <non-jta-data-source> to Resource ID 'Default Unmanaged JDBC Database' from 'null'
14-Apr-2023 20:25:21.468 INFO [main] org.apache.openejb.config.AppInfoBuilder.build Enterprise application "/home/gismael/Mine/apache-tomee-webprofile-9.0.0.RC1/webapps/cv" loaded.
14-Apr-2023 20:25:21.468 INFO [main] org.apache.openejb.assembler.classic.Assembler.createApplication Assembling app: /home/gismael/Mine/apache-tomee-webprofile-9.0.0.RC1/webapps/cv
14-Apr-2023 20:25:21.543 INFO [main] org.apache.openejb.assembler.classic.ValidatorBuilder.getConfig Ignoring XML Configuration for validator org.apache.bval.jsr.ConfigurationImpl
14-Apr-2023 20:25:21.585 INFO [main] null.openjpa.Enhance You have enabled runtime enhancement, but have not specified the set of persistent classes.  OpenJPA must look for metadata for every loaded class, which might increase class load times significantly.
14-Apr-2023 20:25:21.632 INFO [main] null.openjpa.Runtime OpenJPA dynamically loaded a validation provider.
14-Apr-2023 20:25:21.643 INFO [main] org.apache.openejb.assembler.classic.ReloadableEntityManagerFactory.createDelegate PersistenceUnit(name=default, provider=org.apache.openjpa.persistence.PersistenceProviderImpl) - provider time 166ms
14-Apr-2023 20:25:21.651 INFO [main] org.apache.openejb.assembler.classic.Assembler.createApplication Deployed Application(path=/home/gismael/Mine/apache-tomee-webprofile-9.0.0.RC1/webapps/cv)
14-Apr-2023 20:25:21.703 INFO [main] org.apache.myfaces.ee.MyFacesContainerInitializer.onStartup Using org.apache.myfaces.ee.MyFacesContainerInitializer
14-Apr-2023 20:25:21.735 INFO [main] org.apache.jasper.servlet.TldScanner.scanJars At least one JAR was scanned for TLDs yet contained no TLDs. Enable debug logging for this logger for a complete list of JARs that were scanned but no TLDs were found in them. Skipping unneeded JARs during scanning can improve startup time and JSP compilation time.
14-Apr-2023 20:25:21.743 INFO [main] jdk.internal.reflect.DelegatingMethodAccessorImpl.invoke Deployment of web application directory [/home/gismael/Mine/apache-tomee-webprofile-9.0.0.RC1/webapps/cv] has finished in [1,527] ms
14-Apr-2023 20:25:21.748 INFO [main] jdk.internal.reflect.DelegatingMethodAccessorImpl.invoke Starting ProtocolHandler ["http-nio-8080"]
14-Apr-2023 20:25:21.759 INFO [main] jdk.internal.reflect.DelegatingMethodAccessorImpl.invoke Server startup in [2846] milliseconds
14-Apr-2023 20:25:23.598 INFO [main] jdk.internal.reflect.DelegatingMethodAccessorImpl.invoke A valid shutdown command was received via the shutdown port. Stopping the Server instance.
14-Apr-2023 20:25:23.599 INFO [main] jdk.internal.reflect.DelegatingMethodAccessorImpl.invoke Pausing ProtocolHandler ["http-nio-8080"]
14-Apr-2023 20:25:23.606 INFO [main] jdk.internal.reflect.DelegatingMethodAccessorImpl.invoke Stopping service [Catalina]
14-Apr-2023 20:25:23.614 INFO [main] org.apache.openejb.assembler.classic.Assembler.destroyApplication Undeploying app: /home/gismael/Mine/apache-tomee-webprofile-9.0.0.RC1/webapps/yaop
14-Apr-2023 20:25:23.676 INFO [main] org.apache.openejb.assembler.classic.Assembler.destroyApplication Undeploying app: /home/gismael/Mine/apache-tomee-webprofile-9.0.0.RC1/webapps/docs
14-Apr-2023 20:25:23.727 INFO [main] org.apache.openejb.assembler.classic.Assembler.destroyApplication Undeploying app: /home/gismael/Mine/apache-tomee-webprofile-9.0.0.RC1/webapps/host-manager
14-Apr-2023 20:25:23.768 INFO [main] org.apache.openejb.assembler.classic.Assembler.destroyApplication Undeploying app: /home/gismael/Mine/apache-tomee-webprofile-9.0.0.RC1/webapps/ROOT
14-Apr-2023 20:25:23.812 INFO [main] org.apache.openejb.assembler.classic.Assembler.destroyApplication Undeploying app: /home/gismael/Mine/apache-tomee-webprofile-9.0.0.RC1/webapps/manager
14-Apr-2023 20:25:23.861 INFO [main] org.apache.openejb.assembler.classic.Assembler.destroyApplication Undeploying app: /home/gismael/Mine/apache-tomee-webprofile-9.0.0.RC1/webapps/cv
14-Apr-2023 20:25:23.919 INFO [main] jdk.internal.reflect.DelegatingMethodAccessorImpl.invoke Stopping ProtocolHandler ["http-nio-8080"]
14-Apr-2023 20:25:23.925 INFO [main] org.apache.openejb.server.SimpleServiceManager.stop Stopping server services
14-Apr-2023 20:25:23.936 INFO [main] org.apache.openejb.assembler.classic.Assembler.doResourceDestruction Closing DataSource: Default JDBC Database
14-Apr-2023 20:25:23.940 INFO [main] org.apache.openejb.assembler.classic.Assembler.doResourceDestruction Closing DataSource: Default Unmanaged JDBC Database
14-Apr-2023 20:25:23.947 INFO [main] jdk.internal.reflect.DelegatingMethodAccessorImpl.invoke Destroying ProtocolHandler ["http-nio-8080"]
14-Apr-2023 20:25:33.802 INFO [main] jdk.internal.reflect.NativeMethodAccessorImpl.invoke Server version name:   Apache Tomcat/10.0.27
14-Apr-2023 20:25:33.803 INFO [main] jdk.internal.reflect.NativeMethodAccessorImpl.invoke Server built:          Oct 3 2022 14:18:31 UTC
14-Apr-2023 20:25:33.803 INFO [main] jdk.internal.reflect.NativeMethodAccessorImpl.invoke Server version number: 10.0.27.0
14-Apr-2023 20:25:33.803 INFO [main] jdk.internal.reflect.NativeMethodAccessorImpl.invoke OS Name:               Linux
14-Apr-2023 20:25:33.803 INFO [main] jdk.internal.reflect.NativeMethodAccessorImpl.invoke OS Version:            6.2.9-100.fc36.x86_64
14-Apr-2023 20:25:33.803 INFO [main] jdk.internal.reflect.NativeMethodAccessorImpl.invoke Architecture:          amd64
14-Apr-2023 20:25:33.803 INFO [main] jdk.internal.reflect.NativeMethodAccessorImpl.invoke Java Home:             /usr/lib/jvm/java-17-openjdk-17.0.6.0.10-1.fc36.x86_64
14-Apr-2023 20:25:33.803 INFO [main] jdk.internal.reflect.NativeMethodAccessorImpl.invoke JVM Version:           17.0.6+10
14-Apr-2023 20:25:33.803 INFO [main] jdk.internal.reflect.NativeMethodAccessorImpl.invoke JVM Vendor:            Red Hat, Inc.
14-Apr-2023 20:25:33.804 INFO [main] jdk.internal.reflect.NativeMethodAccessorImpl.invoke CATALINA_BASE:         /home/gismael/Mine/apache-tomee-webprofile-9.0.0.RC1
14-Apr-2023 20:25:33.804 INFO [main] jdk.internal.reflect.NativeMethodAccessorImpl.invoke CATALINA_HOME:         /home/gismael/Mine/apache-tomee-webprofile-9.0.0.RC1
14-Apr-2023 20:25:33.813 INFO [main] jdk.internal.reflect.NativeMethodAccessorImpl.invoke Command line argument: --add-opens=java.base/java.lang=ALL-UNNAMED
14-Apr-2023 20:25:33.813 INFO [main] jdk.internal.reflect.NativeMethodAccessorImpl.invoke Command line argument: --add-opens=java.base/java.io=ALL-UNNAMED
14-Apr-2023 20:25:33.813 INFO [main] jdk.internal.reflect.NativeMethodAccessorImpl.invoke Command line argument: --add-opens=java.base/java.util=ALL-UNNAMED
14-Apr-2023 20:25:33.813 INFO [main] jdk.internal.reflect.NativeMethodAccessorImpl.invoke Command line argument: --add-opens=java.base/java.util.concurrent=ALL-UNNAMED
14-Apr-2023 20:25:33.814 INFO [main] jdk.internal.reflect.NativeMethodAccessorImpl.invoke Command line argument: --add-opens=java.rmi/sun.rmi.transport=ALL-UNNAMED
14-Apr-2023 20:25:33.814 INFO [main] jdk.internal.reflect.DelegatingMethodAccessorImpl.invoke Command line argument: -Djava.util.logging.config.file=/home/gismael/Mine/apache-tomee-webprofile-9.0.0.RC1/conf/logging.properties
14-Apr-2023 20:25:33.814 INFO [main] jdk.internal.reflect.DelegatingMethodAccessorImpl.invoke Command line argument: -Djava.util.logging.manager=org.apache.juli.ClassLoaderLogManager
14-Apr-2023 20:25:33.814 INFO [main] jdk.internal.reflect.DelegatingMethodAccessorImpl.invoke Command line argument: -javaagent:/home/gismael/Mine/apache-tomee-webprofile-9.0.0.RC1/lib/openejb-javaagent.jar
14-Apr-2023 20:25:33.814 INFO [main] jdk.internal.reflect.DelegatingMethodAccessorImpl.invoke Command line argument: -Djdk.tls.ephemeralDHKeySize=2048
14-Apr-2023 20:25:33.814 INFO [main] jdk.internal.reflect.DelegatingMethodAccessorImpl.invoke Command line argument: -Djava.protocol.handler.pkgs=org.apache.catalina.webresources
14-Apr-2023 20:25:33.814 INFO [main] jdk.internal.reflect.DelegatingMethodAccessorImpl.invoke Command line argument: -Dorg.apache.catalina.security.SecurityListener.UMASK=0027
14-Apr-2023 20:25:33.814 INFO [main] jdk.internal.reflect.DelegatingMethodAccessorImpl.invoke Command line argument: -Dignore.endorsed.dirs=
14-Apr-2023 20:25:33.814 INFO [main] jdk.internal.reflect.DelegatingMethodAccessorImpl.invoke Command line argument: -Dcatalina.base=/home/gismael/Mine/apache-tomee-webprofile-9.0.0.RC1
14-Apr-2023 20:25:33.814 INFO [main] jdk.internal.reflect.DelegatingMethodAccessorImpl.invoke Command line argument: -Dcatalina.home=/home/gismael/Mine/apache-tomee-webprofile-9.0.0.RC1
14-Apr-2023 20:25:33.814 INFO [main] jdk.internal.reflect.DelegatingMethodAccessorImpl.invoke Command line argument: -Djava.io.tmpdir=/home/gismael/Mine/apache-tomee-webprofile-9.0.0.RC1/temp
14-Apr-2023 20:25:33.816 INFO [main] jdk.internal.reflect.DelegatingMethodAccessorImpl.invoke The Apache Tomcat Native library which allows using OpenSSL was not found on the java.library.path: [/usr/java/packages/lib:/usr/lib64:/lib64:/lib:/usr/lib]
14-Apr-2023 20:25:34.144 INFO [main] jdk.internal.reflect.DelegatingMethodAccessorImpl.invoke Initializing ProtocolHandler ["http-nio-8080"]
14-Apr-2023 20:25:34.384 INFO [main] org.apache.openejb.util.OptionsLog.info Using 'openejb.jdbc.datasource-creator=org.apache.tomee.jdbc.TomEEDataSourceCreator'
14-Apr-2023 20:25:34.486 INFO [main] org.apache.openejb.OpenEJB$Instance.<init> ********************************************************************************
14-Apr-2023 20:25:34.487 INFO [main] org.apache.openejb.OpenEJB$Instance.<init> OpenEJB http://tomee.apache.org/
14-Apr-2023 20:25:34.488 INFO [main] org.apache.openejb.OpenEJB$Instance.<init> Startup: Fri Apr 14 20:25:34 CST 2023
14-Apr-2023 20:25:34.488 INFO [main] org.apache.openejb.OpenEJB$Instance.<init> Copyright 1999-2021 (C) Apache TomEE Project, All Rights Reserved.
14-Apr-2023 20:25:34.488 INFO [main] org.apache.openejb.OpenEJB$Instance.<init> Version: 9.0.0.RC1
14-Apr-2023 20:25:34.488 INFO [main] org.apache.openejb.OpenEJB$Instance.<init> Build date: 20221031
14-Apr-2023 20:25:34.488 INFO [main] org.apache.openejb.OpenEJB$Instance.<init> Build time: 10:07
14-Apr-2023 20:25:34.488 INFO [main] org.apache.openejb.OpenEJB$Instance.<init> ********************************************************************************
14-Apr-2023 20:25:34.489 INFO [main] org.apache.openejb.OpenEJB$Instance.<init> openejb.home = /home/gismael/Mine/apache-tomee-webprofile-9.0.0.RC1
14-Apr-2023 20:25:34.489 INFO [main] org.apache.openejb.OpenEJB$Instance.<init> openejb.base = /home/gismael/Mine/apache-tomee-webprofile-9.0.0.RC1
14-Apr-2023 20:25:34.492 INFO [main] org.apache.openejb.cdi.CdiBuilder.initializeOWB Created new singletonService org.apache.openejb.cdi.ThreadSingletonServiceImpl@4fbe37eb
14-Apr-2023 20:25:34.495 INFO [main] org.apache.openejb.cdi.CdiBuilder.initializeOWB Succeeded in installing singleton service
14-Apr-2023 20:25:34.530 INFO [main] org.apache.openejb.config.ConfigurationFactory.init TomEE configuration file is '/home/gismael/Mine/apache-tomee-webprofile-9.0.0.RC1/conf/tomee.xml'
14-Apr-2023 20:25:34.572 INFO [main] org.apache.openejb.config.ConfigurationFactory.configureService Configuring Service(id=Tomcat Security Service, type=SecurityService, provider-id=Tomcat Security Service)
14-Apr-2023 20:25:34.575 INFO [main] org.apache.openejb.config.ConfigurationFactory.configureService Configuring Service(id=Default Transaction Manager, type=TransactionManager, provider-id=Default Transaction Manager)
14-Apr-2023 20:25:34.578 INFO [main] org.apache.openejb.util.OptionsLog.info Using 'openejb.deployments.classpath=false'
14-Apr-2023 20:25:34.582 INFO [main] org.apache.openejb.assembler.classic.Assembler.createRecipe Creating TransactionManager(id=Default Transaction Manager)
14-Apr-2023 20:25:34.646 INFO [main] org.apache.openejb.assembler.classic.Assembler.createRecipe Creating SecurityService(id=Tomcat Security Service)
14-Apr-2023 20:25:34.727 INFO [main] org.apache.openejb.server.ServiceManager.initServer Creating ServerService(id=cxf)
14-Apr-2023 20:25:34.906 INFO [main] org.apache.openejb.server.ServiceManager.initServer Creating ServerService(id=cxf-rs)
14-Apr-2023 20:25:34.938 INFO [main] org.apache.openejb.server.SimpleServiceManager.start   ** Bound Services **
14-Apr-2023 20:25:34.939 INFO [main] org.apache.openejb.server.SimpleServiceManager.printRow   NAME                 IP              PORT  
14-Apr-2023 20:25:34.939 INFO [main] org.apache.openejb.server.SimpleServiceManager.start -------
14-Apr-2023 20:25:34.939 INFO [main] org.apache.openejb.server.SimpleServiceManager.start Ready!
14-Apr-2023 20:25:34.939 INFO [main] jdk.internal.reflect.DelegatingMethodAccessorImpl.invoke Server initialization in [1345] milliseconds
14-Apr-2023 20:25:34.975 INFO [main] org.apache.tomee.catalina.OpenEJBNamingContextListener.bindResource Importing a Tomcat Resource with id 'UserDatabase' of type 'org.apache.catalina.UserDatabase'.
14-Apr-2023 20:25:34.976 INFO [main] org.apache.openejb.assembler.classic.Assembler.createRecipe Creating Resource(id=UserDatabase)
14-Apr-2023 20:25:34.990 INFO [main] jdk.internal.reflect.DelegatingMethodAccessorImpl.invoke Starting service [Catalina]
14-Apr-2023 20:25:34.990 INFO [main] jdk.internal.reflect.DelegatingMethodAccessorImpl.invoke Starting Servlet engine: [Apache Tomcat/10.0.27]
14-Apr-2023 20:25:35.004 INFO [main] jdk.internal.reflect.DelegatingMethodAccessorImpl.invoke Deploying web application archive [/home/gismael/Mine/apache-tomee-webprofile-9.0.0.RC1/webapps/yaop.war]
14-Apr-2023 20:25:35.012 INFO [main] org.apache.tomee.catalina.TomcatWebAppBuilder.init ------------------------- localhost -> /yaop
14-Apr-2023 20:25:35.228 INFO [main] org.apache.openejb.config.ConfigurationFactory.configureApplication Configuring enterprise application: /home/gismael/Mine/apache-tomee-webprofile-9.0.0.RC1/webapps/yaop
14-Apr-2023 20:25:35.321 INFO [main] org.apache.openejb.config.ConfigurationFactory.configureService Configuring Service(id=Default Managed Container, type=Container, provider-id=Default Managed Container)
14-Apr-2023 20:25:35.323 INFO [main] org.apache.openejb.config.AutoConfig.createContainer Auto-creating a container for bean yaop.Comp494414526: Container(type=MANAGED, id=Default Managed Container)
14-Apr-2023 20:25:35.323 INFO [main] org.apache.openejb.assembler.classic.Assembler.createRecipe Creating Container(id=Default Managed Container)
14-Apr-2023 20:25:35.332 INFO [main] org.apache.openejb.core.managed.SimplePassivater.init Using directory /home/gismael/Mine/apache-tomee-webprofile-9.0.0.RC1/temp for stateful session passivation
14-Apr-2023 20:25:35.363 INFO [main] org.apache.openejb.config.AppInfoBuilder.build Enterprise application "/home/gismael/Mine/apache-tomee-webprofile-9.0.0.RC1/webapps/yaop" loaded.
14-Apr-2023 20:25:35.374 INFO [main] org.apache.openejb.assembler.classic.Assembler.createApplication Assembling app: /home/gismael/Mine/apache-tomee-webprofile-9.0.0.RC1/webapps/yaop
14-Apr-2023 20:25:35.498 INFO [main] org.apache.openejb.assembler.classic.ValidatorBuilder.getConfig Ignoring XML Configuration for validator org.apache.bval.jsr.ConfigurationImpl
14-Apr-2023 20:25:35.544 INFO [main] org.apache.openejb.assembler.classic.Assembler.createApplication Deployed Application(path=/home/gismael/Mine/apache-tomee-webprofile-9.0.0.RC1/webapps/yaop)
14-Apr-2023 20:25:35.691 INFO [main] org.apache.myfaces.ee.MyFacesContainerInitializer.onStartup Using org.apache.myfaces.ee.MyFacesContainerInitializer
14-Apr-2023 20:25:35.802 INFO [main] jdk.internal.reflect.DelegatingMethodAccessorImpl.invoke Deployment of web application archive [/home/gismael/Mine/apache-tomee-webprofile-9.0.0.RC1/webapps/yaop.war] has finished in [797] ms
14-Apr-2023 20:25:35.803 INFO [main] jdk.internal.reflect.DelegatingMethodAccessorImpl.invoke Deploying web application directory [/home/gismael/Mine/apache-tomee-webprofile-9.0.0.RC1/webapps/docs]
14-Apr-2023 20:25:35.803 INFO [main] org.apache.tomee.catalina.TomcatWebAppBuilder.init ------------------------- localhost -> /docs
14-Apr-2023 20:25:35.828 INFO [main] org.apache.openejb.config.ConfigurationFactory.configureApplication Configuring enterprise application: /home/gismael/Mine/apache-tomee-webprofile-9.0.0.RC1/webapps/docs
14-Apr-2023 20:25:35.832 INFO [main] org.apache.openejb.config.AppInfoBuilder.build Enterprise application "/home/gismael/Mine/apache-tomee-webprofile-9.0.0.RC1/webapps/docs" loaded.
14-Apr-2023 20:25:35.832 INFO [main] org.apache.openejb.assembler.classic.Assembler.createApplication Assembling app: /home/gismael/Mine/apache-tomee-webprofile-9.0.0.RC1/webapps/docs
14-Apr-2023 20:25:35.838 INFO [main] org.apache.openejb.assembler.classic.ValidatorBuilder.getConfig Ignoring XML Configuration for validator org.apache.bval.jsr.ConfigurationImpl
14-Apr-2023 20:25:35.841 INFO [main] org.apache.openejb.assembler.classic.Assembler.createApplication Deployed Application(path=/home/gismael/Mine/apache-tomee-webprofile-9.0.0.RC1/webapps/docs)
14-Apr-2023 20:25:35.858 INFO [main] org.apache.myfaces.ee.MyFacesContainerInitializer.onStartup Using org.apache.myfaces.ee.MyFacesContainerInitializer
14-Apr-2023 20:25:35.876 INFO [main] jdk.internal.reflect.DelegatingMethodAccessorImpl.invoke Deployment of web application directory [/home/gismael/Mine/apache-tomee-webprofile-9.0.0.RC1/webapps/docs] has finished in [74] ms
14-Apr-2023 20:25:35.876 INFO [main] jdk.internal.reflect.DelegatingMethodAccessorImpl.invoke Deploying web application directory [/home/gismael/Mine/apache-tomee-webprofile-9.0.0.RC1/webapps/host-manager]
14-Apr-2023 20:25:35.879 INFO [main] org.apache.tomee.catalina.TomcatWebAppBuilder.init ------------------------- localhost -> /host-manager
14-Apr-2023 20:25:35.906 INFO [main] org.apache.openejb.config.ConfigurationFactory.configureApplication Configuring enterprise application: /home/gismael/Mine/apache-tomee-webprofile-9.0.0.RC1/webapps/host-manager
14-Apr-2023 20:25:35.912 INFO [main] org.apache.openejb.config.AppInfoBuilder.build Enterprise application "/home/gismael/Mine/apache-tomee-webprofile-9.0.0.RC1/webapps/host-manager" loaded.
14-Apr-2023 20:25:35.912 INFO [main] org.apache.openejb.assembler.classic.Assembler.createApplication Assembling app: /home/gismael/Mine/apache-tomee-webprofile-9.0.0.RC1/webapps/host-manager
14-Apr-2023 20:25:35.918 INFO [main] org.apache.openejb.assembler.classic.ValidatorBuilder.getConfig Ignoring XML Configuration for validator org.apache.bval.jsr.ConfigurationImpl
14-Apr-2023 20:25:35.921 INFO [main] org.apache.tomee.catalina.TomcatWebAppBuilder.deployWebApps using context file /home/gismael/Mine/apache-tomee-webprofile-9.0.0.RC1/webapps/host-manager/META-INF/context.xml
14-Apr-2023 20:25:35.922 INFO [main] org.apache.openejb.assembler.classic.Assembler.createApplication Deployed Application(path=/home/gismael/Mine/apache-tomee-webprofile-9.0.0.RC1/webapps/host-manager)
14-Apr-2023 20:25:35.945 INFO [main] org.apache.myfaces.ee.MyFacesContainerInitializer.onStartup Using org.apache.myfaces.ee.MyFacesContainerInitializer
14-Apr-2023 20:25:35.972 INFO [main] jdk.internal.reflect.DelegatingMethodAccessorImpl.invoke Deployment of web application directory [/home/gismael/Mine/apache-tomee-webprofile-9.0.0.RC1/webapps/host-manager] has finished in [96] ms
14-Apr-2023 20:25:35.972 INFO [main] jdk.internal.reflect.DelegatingMethodAccessorImpl.invoke Deploying web application directory [/home/gismael/Mine/apache-tomee-webprofile-9.0.0.RC1/webapps/ROOT]
14-Apr-2023 20:25:35.973 INFO [main] org.apache.tomee.catalina.TomcatWebAppBuilder.init ------------------------- localhost -> /
14-Apr-2023 20:25:35.985 INFO [main] org.apache.openejb.config.ConfigurationFactory.configureApplication Configuring enterprise application: /home/gismael/Mine/apache-tomee-webprofile-9.0.0.RC1/webapps/ROOT
14-Apr-2023 20:25:35.989 INFO [main] org.apache.openejb.config.AppInfoBuilder.build Enterprise application "/home/gismael/Mine/apache-tomee-webprofile-9.0.0.RC1/webapps/ROOT" loaded.
14-Apr-2023 20:25:35.989 INFO [main] org.apache.openejb.assembler.classic.Assembler.createApplication Assembling app: /home/gismael/Mine/apache-tomee-webprofile-9.0.0.RC1/webapps/ROOT
14-Apr-2023 20:25:35.994 INFO [main] org.apache.openejb.assembler.classic.ValidatorBuilder.getConfig Ignoring XML Configuration for validator org.apache.bval.jsr.ConfigurationImpl
14-Apr-2023 20:25:35.997 INFO [main] org.apache.openejb.assembler.classic.Assembler.createApplication Deployed Application(path=/home/gismael/Mine/apache-tomee-webprofile-9.0.0.RC1/webapps/ROOT)
14-Apr-2023 20:25:36.013 INFO [main] org.apache.myfaces.ee.MyFacesContainerInitializer.onStartup Using org.apache.myfaces.ee.MyFacesContainerInitializer
14-Apr-2023 20:25:36.030 INFO [main] jdk.internal.reflect.DelegatingMethodAccessorImpl.invoke Deployment of web application directory [/home/gismael/Mine/apache-tomee-webprofile-9.0.0.RC1/webapps/ROOT] has finished in [58] ms
14-Apr-2023 20:25:36.030 INFO [main] jdk.internal.reflect.DelegatingMethodAccessorImpl.invoke Deploying web application directory [/home/gismael/Mine/apache-tomee-webprofile-9.0.0.RC1/webapps/manager]
14-Apr-2023 20:25:36.031 INFO [main] org.apache.tomee.catalina.TomcatWebAppBuilder.init ------------------------- localhost -> /manager
14-Apr-2023 20:25:36.048 INFO [main] org.apache.openejb.config.ConfigurationFactory.configureApplication Configuring enterprise application: /home/gismael/Mine/apache-tomee-webprofile-9.0.0.RC1/webapps/manager
14-Apr-2023 20:25:36.055 INFO [main] org.apache.openejb.config.AppInfoBuilder.build Enterprise application "/home/gismael/Mine/apache-tomee-webprofile-9.0.0.RC1/webapps/manager" loaded.
14-Apr-2023 20:25:36.055 INFO [main] org.apache.openejb.assembler.classic.Assembler.createApplication Assembling app: /home/gismael/Mine/apache-tomee-webprofile-9.0.0.RC1/webapps/manager
14-Apr-2023 20:25:36.060 INFO [main] org.apache.openejb.assembler.classic.ValidatorBuilder.getConfig Ignoring XML Configuration for validator org.apache.bval.jsr.ConfigurationImpl
14-Apr-2023 20:25:36.062 INFO [main] org.apache.tomee.catalina.TomcatWebAppBuilder.deployWebApps using context file /home/gismael/Mine/apache-tomee-webprofile-9.0.0.RC1/webapps/manager/META-INF/context.xml
14-Apr-2023 20:25:36.063 INFO [main] org.apache.openejb.assembler.classic.Assembler.createApplication Deployed Application(path=/home/gismael/Mine/apache-tomee-webprofile-9.0.0.RC1/webapps/manager)
14-Apr-2023 20:25:36.081 INFO [main] org.apache.myfaces.ee.MyFacesContainerInitializer.onStartup Using org.apache.myfaces.ee.MyFacesContainerInitializer
14-Apr-2023 20:25:36.098 INFO [main] jdk.internal.reflect.DelegatingMethodAccessorImpl.invoke Deployment of web application directory [/home/gismael/Mine/apache-tomee-webprofile-9.0.0.RC1/webapps/manager] has finished in [68] ms
14-Apr-2023 20:25:36.098 INFO [main] jdk.internal.reflect.DelegatingMethodAccessorImpl.invoke Deploying web application directory [/home/gismael/Mine/apache-tomee-webprofile-9.0.0.RC1/webapps/cv]
14-Apr-2023 20:25:36.099 INFO [main] org.apache.tomee.catalina.TomcatWebAppBuilder.init ------------------------- localhost -> /cv
14-Apr-2023 20:25:36.453 INFO [main] org.apache.openejb.config.ConfigurationFactory.configureApplication Configuring enterprise application: /home/gismael/Mine/apache-tomee-webprofile-9.0.0.RC1/webapps/cv
14-Apr-2023 20:25:36.672 INFO [main] org.apache.openejb.config.AutoConfig.deploy Configuring PersistenceUnit(name=default)
14-Apr-2023 20:25:36.674 INFO [main] org.apache.openejb.config.ConfigurationFactory.configureService Configuring Service(id=Default JDBC Database, type=Resource, provider-id=Default JDBC Database)
14-Apr-2023 20:25:36.674 INFO [main] org.apache.openejb.config.AutoConfig.logAutoCreateResource Auto-creating a Resource with id 'Default JDBC Database' of type 'DataSource' for 'default'.
14-Apr-2023 20:25:36.675 INFO [main] org.apache.openejb.assembler.classic.Assembler.createRecipe Creating Resource(id=Default JDBC Database)
14-Apr-2023 20:25:37.057 INFO [main] org.apache.openejb.config.ConfigurationFactory.configureService Configuring Service(id=Default Unmanaged JDBC Database, type=Resource, provider-id=Default Unmanaged JDBC Database)
14-Apr-2023 20:25:37.058 INFO [main] org.apache.openejb.config.AutoConfig.logAutoCreateResource Auto-creating a Resource with id 'Default Unmanaged JDBC Database' of type 'DataSource' for 'default'.
14-Apr-2023 20:25:37.058 INFO [main] org.apache.openejb.assembler.classic.Assembler.createRecipe Creating Resource(id=Default Unmanaged JDBC Database)
14-Apr-2023 20:25:37.068 INFO [main] org.apache.openejb.config.AutoConfig.setJtaDataSource Adjusting PersistenceUnit default <jta-data-source> to Resource ID 'Default JDBC Database' from 'null'
14-Apr-2023 20:25:37.068 INFO [main] org.apache.openejb.config.AutoConfig.setNonJtaDataSource Adjusting PersistenceUnit default <non-jta-data-source> to Resource ID 'Default Unmanaged JDBC Database' from 'null'
14-Apr-2023 20:25:37.075 INFO [main] org.apache.openejb.config.AppInfoBuilder.build Enterprise application "/home/gismael/Mine/apache-tomee-webprofile-9.0.0.RC1/webapps/cv" loaded.
14-Apr-2023 20:25:37.075 INFO [main] org.apache.openejb.assembler.classic.Assembler.createApplication Assembling app: /home/gismael/Mine/apache-tomee-webprofile-9.0.0.RC1/webapps/cv
14-Apr-2023 20:25:37.144 INFO [main] org.apache.openejb.assembler.classic.ValidatorBuilder.getConfig Ignoring XML Configuration for validator org.apache.bval.jsr.ConfigurationImpl
14-Apr-2023 20:25:37.189 INFO [main] null.openjpa.Enhance You have enabled runtime enhancement, but have not specified the set of persistent classes.  OpenJPA must look for metadata for every loaded class, which might increase class load times significantly.
14-Apr-2023 20:25:37.237 INFO [main] null.openjpa.Runtime OpenJPA dynamically loaded a validation provider.
14-Apr-2023 20:25:37.249 INFO [main] org.apache.openejb.assembler.classic.ReloadableEntityManagerFactory.createDelegate PersistenceUnit(name=default, provider=org.apache.openjpa.persistence.PersistenceProviderImpl) - provider time 165ms
14-Apr-2023 20:25:37.259 INFO [main] org.apache.openejb.assembler.classic.Assembler.createApplication Deployed Application(path=/home/gismael/Mine/apache-tomee-webprofile-9.0.0.RC1/webapps/cv)
14-Apr-2023 20:25:37.311 INFO [main] org.apache.myfaces.ee.MyFacesContainerInitializer.onStartup Using org.apache.myfaces.ee.MyFacesContainerInitializer
14-Apr-2023 20:25:37.341 INFO [main] org.apache.jasper.servlet.TldScanner.scanJars At least one JAR was scanned for TLDs yet contained no TLDs. Enable debug logging for this logger for a complete list of JARs that were scanned but no TLDs were found in them. Skipping unneeded JARs during scanning can improve startup time and JSP compilation time.
14-Apr-2023 20:25:37.349 INFO [main] jdk.internal.reflect.DelegatingMethodAccessorImpl.invoke Deployment of web application directory [/home/gismael/Mine/apache-tomee-webprofile-9.0.0.RC1/webapps/cv] has finished in [1,250] ms
14-Apr-2023 20:25:37.353 INFO [main] jdk.internal.reflect.DelegatingMethodAccessorImpl.invoke Starting ProtocolHandler ["http-nio-8080"]
14-Apr-2023 20:25:37.364 INFO [main] jdk.internal.reflect.DelegatingMethodAccessorImpl.invoke Server startup in [2424] milliseconds
14-Apr-2023 20:26:35.761 INFO [main] jdk.internal.reflect.DelegatingMethodAccessorImpl.invoke A valid shutdown command was received via the shutdown port. Stopping the Server instance.
14-Apr-2023 20:26:35.762 INFO [main] jdk.internal.reflect.DelegatingMethodAccessorImpl.invoke Pausing ProtocolHandler ["http-nio-8080"]
14-Apr-2023 20:26:35.766 INFO [main] jdk.internal.reflect.DelegatingMethodAccessorImpl.invoke Stopping service [Catalina]
14-Apr-2023 20:26:35.773 INFO [main] org.apache.openejb.assembler.classic.Assembler.destroyApplication Undeploying app: /home/gismael/Mine/apache-tomee-webprofile-9.0.0.RC1/webapps/yaop
14-Apr-2023 20:26:35.836 INFO [main] org.apache.openejb.assembler.classic.Assembler.destroyApplication Undeploying app: /home/gismael/Mine/apache-tomee-webprofile-9.0.0.RC1/webapps/docs
14-Apr-2023 20:26:35.879 INFO [main] org.apache.openejb.assembler.classic.Assembler.destroyApplication Undeploying app: /home/gismael/Mine/apache-tomee-webprofile-9.0.0.RC1/webapps/host-manager
14-Apr-2023 20:26:35.925 INFO [main] org.apache.openejb.assembler.classic.Assembler.destroyApplication Undeploying app: /home/gismael/Mine/apache-tomee-webprofile-9.0.0.RC1/webapps/ROOT
14-Apr-2023 20:26:35.980 INFO [main] org.apache.openejb.assembler.classic.Assembler.destroyApplication Undeploying app: /home/gismael/Mine/apache-tomee-webprofile-9.0.0.RC1/webapps/manager
14-Apr-2023 20:26:36.025 INFO [main] org.apache.openejb.assembler.classic.Assembler.destroyApplication Undeploying app: /home/gismael/Mine/apache-tomee-webprofile-9.0.0.RC1/webapps/cv
14-Apr-2023 20:26:36.074 INFO [main] jdk.internal.reflect.DelegatingMethodAccessorImpl.invoke Stopping ProtocolHandler ["http-nio-8080"]
14-Apr-2023 20:26:36.083 INFO [main] org.apache.openejb.server.SimpleServiceManager.stop Stopping server services
14-Apr-2023 20:26:36.094 INFO [main] org.apache.openejb.assembler.classic.Assembler.doResourceDestruction Closing DataSource: Default JDBC Database
14-Apr-2023 20:26:36.101 INFO [main] org.apache.openejb.assembler.classic.Assembler.doResourceDestruction Closing DataSource: Default Unmanaged JDBC Database
14-Apr-2023 20:26:36.112 INFO [main] jdk.internal.reflect.DelegatingMethodAccessorImpl.invoke Destroying ProtocolHandler ["http-nio-8080"]
