25-May-2023 00:00:28.208 INFO [main] jdk.internal.reflect.NativeMethodAccessorImpl.invoke Server version name:   Apache Tomcat/10.0.27
25-May-2023 00:00:28.212 INFO [main] jdk.internal.reflect.NativeMethodAccessorImpl.invoke Server built:          Oct 3 2022 14:18:31 UTC
25-May-2023 00:00:28.213 INFO [main] jdk.internal.reflect.NativeMethodAccessorImpl.invoke Server version number: 10.0.27.0
25-May-2023 00:00:28.214 INFO [main] jdk.internal.reflect.NativeMethodAccessorImpl.invoke OS Name:               Linux
25-May-2023 00:00:28.214 INFO [main] jdk.internal.reflect.NativeMethodAccessorImpl.invoke OS Version:            6.2.9-100.fc36.x86_64
25-May-2023 00:00:28.214 INFO [main] jdk.internal.reflect.NativeMethodAccessorImpl.invoke Architecture:          amd64
25-May-2023 00:00:28.214 INFO [main] jdk.internal.reflect.NativeMethodAccessorImpl.invoke Java Home:             /usr/lib/jvm/java-17-openjdk-17.0.6.0.10-1.fc36.x86_64
25-May-2023 00:00:28.214 INFO [main] jdk.internal.reflect.NativeMethodAccessorImpl.invoke JVM Version:           17.0.6+10
25-May-2023 00:00:28.214 INFO [main] jdk.internal.reflect.NativeMethodAccessorImpl.invoke JVM Vendor:            Red Hat, Inc.
25-May-2023 00:00:28.214 INFO [main] jdk.internal.reflect.NativeMethodAccessorImpl.invoke CATALINA_BASE:         /home/gismael/Mine/apache-tomee-webprofile-9.0.0.RC1
25-May-2023 00:00:28.214 INFO [main] jdk.internal.reflect.NativeMethodAccessorImpl.invoke CATALINA_HOME:         /home/gismael/Mine/apache-tomee-webprofile-9.0.0.RC1
25-May-2023 00:00:28.276 INFO [main] jdk.internal.reflect.NativeMethodAccessorImpl.invoke Command line argument: --add-opens=java.base/java.lang=ALL-UNNAMED
25-May-2023 00:00:28.276 INFO [main] jdk.internal.reflect.NativeMethodAccessorImpl.invoke Command line argument: --add-opens=java.base/java.io=ALL-UNNAMED
25-May-2023 00:00:28.276 INFO [main] jdk.internal.reflect.NativeMethodAccessorImpl.invoke Command line argument: --add-opens=java.base/java.util=ALL-UNNAMED
25-May-2023 00:00:28.276 INFO [main] jdk.internal.reflect.NativeMethodAccessorImpl.invoke Command line argument: --add-opens=java.base/java.util.concurrent=ALL-UNNAMED
25-May-2023 00:00:28.277 INFO [main] jdk.internal.reflect.NativeMethodAccessorImpl.invoke Command line argument: --add-opens=java.rmi/sun.rmi.transport=ALL-UNNAMED
25-May-2023 00:00:28.277 INFO [main] jdk.internal.reflect.DelegatingMethodAccessorImpl.invoke Command line argument: -Djava.util.logging.config.file=/home/gismael/Mine/apache-tomee-webprofile-9.0.0.RC1/conf/logging.properties
25-May-2023 00:00:28.278 INFO [main] jdk.internal.reflect.DelegatingMethodAccessorImpl.invoke Command line argument: -Djava.util.logging.manager=org.apache.juli.ClassLoaderLogManager
25-May-2023 00:00:28.278 INFO [main] jdk.internal.reflect.DelegatingMethodAccessorImpl.invoke Command line argument: -javaagent:/home/gismael/Mine/apache-tomee-webprofile-9.0.0.RC1/lib/openejb-javaagent.jar
25-May-2023 00:00:28.278 INFO [main] jdk.internal.reflect.DelegatingMethodAccessorImpl.invoke Command line argument: -Djdk.tls.ephemeralDHKeySize=2048
25-May-2023 00:00:28.278 INFO [main] jdk.internal.reflect.DelegatingMethodAccessorImpl.invoke Command line argument: -Djava.protocol.handler.pkgs=org.apache.catalina.webresources
25-May-2023 00:00:28.278 INFO [main] jdk.internal.reflect.DelegatingMethodAccessorImpl.invoke Command line argument: -Dorg.apache.catalina.security.SecurityListener.UMASK=0027
25-May-2023 00:00:28.278 INFO [main] jdk.internal.reflect.DelegatingMethodAccessorImpl.invoke Command line argument: -Dignore.endorsed.dirs=
25-May-2023 00:00:28.279 INFO [main] jdk.internal.reflect.DelegatingMethodAccessorImpl.invoke Command line argument: -Dcatalina.base=/home/gismael/Mine/apache-tomee-webprofile-9.0.0.RC1
25-May-2023 00:00:28.279 INFO [main] jdk.internal.reflect.DelegatingMethodAccessorImpl.invoke Command line argument: -Dcatalina.home=/home/gismael/Mine/apache-tomee-webprofile-9.0.0.RC1
25-May-2023 00:00:28.279 INFO [main] jdk.internal.reflect.DelegatingMethodAccessorImpl.invoke Command line argument: -Djava.io.tmpdir=/home/gismael/Mine/apache-tomee-webprofile-9.0.0.RC1/temp
25-May-2023 00:00:28.293 INFO [main] jdk.internal.reflect.DelegatingMethodAccessorImpl.invoke The Apache Tomcat Native library which allows using OpenSSL was not found on the java.library.path: [/usr/java/packages/lib:/usr/lib64:/lib64:/lib:/usr/lib]
25-May-2023 00:00:29.373 INFO [main] jdk.internal.reflect.DelegatingMethodAccessorImpl.invoke Initializing ProtocolHandler ["http-nio-8080"]
25-May-2023 00:00:29.653 INFO [main] jdk.internal.reflect.DelegatingMethodAccessorImpl.invoke Server initialization in [2143] milliseconds
25-May-2023 00:00:29.838 INFO [main] jdk.internal.reflect.DelegatingMethodAccessorImpl.invoke Starting service [Catalina]
25-May-2023 00:00:29.838 INFO [main] jdk.internal.reflect.DelegatingMethodAccessorImpl.invoke Starting Servlet engine: [Apache Tomcat/10.0.27]
25-May-2023 00:00:29.934 INFO [main] jdk.internal.reflect.DelegatingMethodAccessorImpl.invoke Deploying web application archive [/home/gismael/Mine/apache-tomee-webprofile-9.0.0.RC1/webapps/yaop.war]
25-May-2023 00:00:40.653 INFO [main] org.apache.myfaces.ee.MyFacesContainerInitializer.onStartup Using org.apache.myfaces.ee.MyFacesContainerInitializer
25-May-2023 00:00:40.721 INFO [main] org.apache.myfaces.ee.MyFacesContainerInitializer.onStartup Added FacesServlet with mappings=[/faces/*, *.jsf, *.faces, *.xhtml]
25-May-2023 00:00:41.127 INFO [main] jdk.internal.reflect.DelegatingMethodAccessorImpl.invoke At least one JAR was scanned for TLDs yet contained no TLDs. Enable debug logging for this logger for a complete list of JARs that were scanned but no TLDs were found in them. Skipping unneeded JARs during scanning can improve startup time and JSP compilation time.
25-May-2023 00:00:41.464 INFO [main] jdk.internal.reflect.DelegatingMethodAccessorImpl.invoke Deployment of web application archive [/home/gismael/Mine/apache-tomee-webprofile-9.0.0.RC1/webapps/yaop.war] has finished in [11,527] ms
25-May-2023 00:00:41.469 INFO [main] jdk.internal.reflect.DelegatingMethodAccessorImpl.invoke Deploying web application directory [/home/gismael/Mine/apache-tomee-webprofile-9.0.0.RC1/webapps/docs]
25-May-2023 00:00:45.811 INFO [main] org.apache.myfaces.ee.MyFacesContainerInitializer.onStartup Using org.apache.myfaces.ee.MyFacesContainerInitializer
25-May-2023 00:00:45.812 INFO [main] org.apache.myfaces.ee.MyFacesContainerInitializer.onStartup Added FacesServlet with mappings=[/faces/*, *.jsf, *.faces, *.xhtml]
25-May-2023 00:00:45.947 INFO [main] jdk.internal.reflect.DelegatingMethodAccessorImpl.invoke At least one JAR was scanned for TLDs yet contained no TLDs. Enable debug logging for this logger for a complete list of JARs that were scanned but no TLDs were found in them. Skipping unneeded JARs during scanning can improve startup time and JSP compilation time.
25-May-2023 00:00:45.961 INFO [main] jdk.internal.reflect.DelegatingMethodAccessorImpl.invoke Deployment of web application directory [/home/gismael/Mine/apache-tomee-webprofile-9.0.0.RC1/webapps/docs] has finished in [4,491] ms
25-May-2023 00:00:45.966 INFO [main] jdk.internal.reflect.DelegatingMethodAccessorImpl.invoke Deploying web application directory [/home/gismael/Mine/apache-tomee-webprofile-9.0.0.RC1/webapps/host-manager]
25-May-2023 00:00:49.517 INFO [main] org.apache.myfaces.ee.MyFacesContainerInitializer.onStartup Using org.apache.myfaces.ee.MyFacesContainerInitializer
25-May-2023 00:00:49.530 INFO [main] org.apache.myfaces.ee.MyFacesContainerInitializer.onStartup Added FacesServlet with mappings=[/faces/*, *.jsf, *.faces, *.xhtml]
25-May-2023 00:00:49.703 INFO [main] jdk.internal.reflect.DelegatingMethodAccessorImpl.invoke At least one JAR was scanned for TLDs yet contained no TLDs. Enable debug logging for this logger for a complete list of JARs that were scanned but no TLDs were found in them. Skipping unneeded JARs during scanning can improve startup time and JSP compilation time.
25-May-2023 00:00:49.731 INFO [main] jdk.internal.reflect.DelegatingMethodAccessorImpl.invoke Deployment of web application directory [/home/gismael/Mine/apache-tomee-webprofile-9.0.0.RC1/webapps/host-manager] has finished in [3,764] ms
25-May-2023 00:00:49.732 INFO [main] jdk.internal.reflect.DelegatingMethodAccessorImpl.invoke Deploying web application directory [/home/gismael/Mine/apache-tomee-webprofile-9.0.0.RC1/webapps/ROOT]
25-May-2023 00:00:52.794 INFO [main] org.apache.myfaces.ee.MyFacesContainerInitializer.onStartup Using org.apache.myfaces.ee.MyFacesContainerInitializer
25-May-2023 00:00:52.796 INFO [main] org.apache.myfaces.ee.MyFacesContainerInitializer.onStartup Added FacesServlet with mappings=[/faces/*, *.jsf, *.faces, *.xhtml]
25-May-2023 00:00:52.899 INFO [main] jdk.internal.reflect.DelegatingMethodAccessorImpl.invoke At least one JAR was scanned for TLDs yet contained no TLDs. Enable debug logging for this logger for a complete list of JARs that were scanned but no TLDs were found in them. Skipping unneeded JARs during scanning can improve startup time and JSP compilation time.
25-May-2023 00:00:52.910 INFO [main] jdk.internal.reflect.DelegatingMethodAccessorImpl.invoke Deployment of web application directory [/home/gismael/Mine/apache-tomee-webprofile-9.0.0.RC1/webapps/ROOT] has finished in [3,178] ms
25-May-2023 00:00:52.910 INFO [main] jdk.internal.reflect.DelegatingMethodAccessorImpl.invoke Deploying web application directory [/home/gismael/Mine/apache-tomee-webprofile-9.0.0.RC1/webapps/manager]
25-May-2023 00:00:55.819 INFO [main] org.apache.myfaces.ee.MyFacesContainerInitializer.onStartup Using org.apache.myfaces.ee.MyFacesContainerInitializer
25-May-2023 00:00:55.835 INFO [main] org.apache.myfaces.ee.MyFacesContainerInitializer.onStartup Added FacesServlet with mappings=[/faces/*, *.jsf, *.faces, *.xhtml]
25-May-2023 00:00:55.938 INFO [main] jdk.internal.reflect.DelegatingMethodAccessorImpl.invoke At least one JAR was scanned for TLDs yet contained no TLDs. Enable debug logging for this logger for a complete list of JARs that were scanned but no TLDs were found in them. Skipping unneeded JARs during scanning can improve startup time and JSP compilation time.
25-May-2023 00:00:55.946 INFO [main] jdk.internal.reflect.DelegatingMethodAccessorImpl.invoke Deployment of web application directory [/home/gismael/Mine/apache-tomee-webprofile-9.0.0.RC1/webapps/manager] has finished in [3,036] ms
25-May-2023 00:00:55.961 INFO [main] jdk.internal.reflect.DelegatingMethodAccessorImpl.invoke Starting ProtocolHandler ["http-nio-8080"]
25-May-2023 00:00:56.007 INFO [main] jdk.internal.reflect.DelegatingMethodAccessorImpl.invoke Server startup in [26352] milliseconds
25-May-2023 00:01:36.730 INFO [Catalina-utility-1] jdk.internal.reflect.DelegatingMethodAccessorImpl.invoke Deploying web application directory [/home/gismael/Mine/apache-tomee-webprofile-9.0.0.RC1/webapps/cv]
25-May-2023 00:01:49.143 INFO [Catalina-utility-1] jdk.internal.reflect.DelegatingMethodAccessorImpl.invoke Suspicious URL pattern: [/auth*] in context [/cv], see sections 12.1 and 12.2 of the Servlet specification
25-May-2023 00:01:49.503 INFO [Catalina-utility-1] org.apache.myfaces.ee.MyFacesContainerInitializer.onStartup Using org.apache.myfaces.ee.MyFacesContainerInitializer
25-May-2023 00:01:49.519 INFO [Catalina-utility-1] org.apache.myfaces.ee.MyFacesContainerInitializer.onStartup Added FacesServlet with mappings=[/faces/*, *.jsf, *.faces, *.xhtml]
25-May-2023 00:01:49.803 INFO [Catalina-utility-1] jdk.internal.reflect.DelegatingMethodAccessorImpl.invoke At least one JAR was scanned for TLDs yet contained no TLDs. Enable debug logging for this logger for a complete list of JARs that were scanned but no TLDs were found in them. Skipping unneeded JARs during scanning can improve startup time and JSP compilation time.
25-May-2023 00:01:49.892 INFO [Catalina-utility-1] jdk.internal.reflect.DelegatingMethodAccessorImpl.invoke Deployment of web application directory [/home/gismael/Mine/apache-tomee-webprofile-9.0.0.RC1/webapps/cv] has finished in [13,192] ms
25-May-2023 00:05:05.000 INFO [main] jdk.internal.reflect.DelegatingMethodAccessorImpl.invoke A valid shutdown command was received via the shutdown port. Stopping the Server instance.
25-May-2023 00:05:05.025 INFO [main] jdk.internal.reflect.DelegatingMethodAccessorImpl.invoke Pausing ProtocolHandler ["http-nio-8080"]
25-May-2023 00:05:05.061 INFO [main] jdk.internal.reflect.DelegatingMethodAccessorImpl.invoke Stopping service [Catalina]
25-May-2023 00:05:05.351 WARNING [main] jdk.internal.reflect.NativeMethodAccessorImpl.invoke The web application [cv] registered the JDBC driver [com.mysql.cj.jdbc.Driver] but failed to unregister it when the web application was stopped. To prevent a memory leak, the JDBC Driver has been forcibly unregistered.
25-May-2023 00:05:05.358 WARNING [main] jdk.internal.reflect.NativeMethodAccessorImpl.invoke The web application [cv] appears to have started a thread named [mysql-cj-abandoned-connection-cleanup] but has failed to stop it. This is very likely to create a memory leak. Stack trace of thread:
 java.base@17.0.6/java.lang.Object.wait(Native Method)
 java.base@17.0.6/java.lang.ref.ReferenceQueue.remove(ReferenceQueue.java:155)
 com.mysql.cj.jdbc.AbandonedConnectionCleanupThread.run(AbandonedConnectionCleanupThread.java:91)
 java.base@17.0.6/java.util.concurrent.ThreadPoolExecutor.runWorker(ThreadPoolExecutor.java:1136)
 java.base@17.0.6/java.util.concurrent.ThreadPoolExecutor$Worker.run(ThreadPoolExecutor.java:635)
 java.base@17.0.6/java.lang.Thread.run(Thread.java:833)
25-May-2023 00:05:05.403 INFO [main] jdk.internal.reflect.DelegatingMethodAccessorImpl.invoke Stopping ProtocolHandler ["http-nio-8080"]
25-May-2023 00:05:05.426 INFO [main] jdk.internal.reflect.DelegatingMethodAccessorImpl.invoke Destroying ProtocolHandler ["http-nio-8080"]
25-May-2023 00:05:09.384 INFO [main] jdk.internal.reflect.NativeMethodAccessorImpl.invoke Server version name:   Apache Tomcat/10.0.27
25-May-2023 00:05:09.395 INFO [main] jdk.internal.reflect.NativeMethodAccessorImpl.invoke Server built:          Oct 3 2022 14:18:31 UTC
25-May-2023 00:05:09.395 INFO [main] jdk.internal.reflect.NativeMethodAccessorImpl.invoke Server version number: 10.0.27.0
25-May-2023 00:05:09.395 INFO [main] jdk.internal.reflect.NativeMethodAccessorImpl.invoke OS Name:               Linux
25-May-2023 00:05:09.395 INFO [main] jdk.internal.reflect.NativeMethodAccessorImpl.invoke OS Version:            6.2.9-100.fc36.x86_64
25-May-2023 00:05:09.395 INFO [main] jdk.internal.reflect.NativeMethodAccessorImpl.invoke Architecture:          amd64
25-May-2023 00:05:09.395 INFO [main] jdk.internal.reflect.NativeMethodAccessorImpl.invoke Java Home:             /usr/lib/jvm/java-17-openjdk-17.0.6.0.10-1.fc36.x86_64
25-May-2023 00:05:09.395 INFO [main] jdk.internal.reflect.NativeMethodAccessorImpl.invoke JVM Version:           17.0.6+10
25-May-2023 00:05:09.396 INFO [main] jdk.internal.reflect.NativeMethodAccessorImpl.invoke JVM Vendor:            Red Hat, Inc.
25-May-2023 00:05:09.396 INFO [main] jdk.internal.reflect.NativeMethodAccessorImpl.invoke CATALINA_BASE:         /home/gismael/Mine/apache-tomee-webprofile-9.0.0.RC1
25-May-2023 00:05:09.396 INFO [main] jdk.internal.reflect.NativeMethodAccessorImpl.invoke CATALINA_HOME:         /home/gismael/Mine/apache-tomee-webprofile-9.0.0.RC1
25-May-2023 00:05:09.430 INFO [main] jdk.internal.reflect.NativeMethodAccessorImpl.invoke Command line argument: --add-opens=java.base/java.lang=ALL-UNNAMED
25-May-2023 00:05:09.430 INFO [main] jdk.internal.reflect.NativeMethodAccessorImpl.invoke Command line argument: --add-opens=java.base/java.io=ALL-UNNAMED
25-May-2023 00:05:09.430 INFO [main] jdk.internal.reflect.NativeMethodAccessorImpl.invoke Command line argument: --add-opens=java.base/java.util=ALL-UNNAMED
25-May-2023 00:05:09.430 INFO [main] jdk.internal.reflect.NativeMethodAccessorImpl.invoke Command line argument: --add-opens=java.base/java.util.concurrent=ALL-UNNAMED
25-May-2023 00:05:09.431 INFO [main] jdk.internal.reflect.NativeMethodAccessorImpl.invoke Command line argument: --add-opens=java.rmi/sun.rmi.transport=ALL-UNNAMED
25-May-2023 00:05:09.431 INFO [main] jdk.internal.reflect.DelegatingMethodAccessorImpl.invoke Command line argument: -Djava.util.logging.config.file=/home/gismael/Mine/apache-tomee-webprofile-9.0.0.RC1/conf/logging.properties
25-May-2023 00:05:09.431 INFO [main] jdk.internal.reflect.DelegatingMethodAccessorImpl.invoke Command line argument: -Djava.util.logging.manager=org.apache.juli.ClassLoaderLogManager
25-May-2023 00:05:09.431 INFO [main] jdk.internal.reflect.DelegatingMethodAccessorImpl.invoke Command line argument: -javaagent:/home/gismael/Mine/apache-tomee-webprofile-9.0.0.RC1/lib/openejb-javaagent.jar
25-May-2023 00:05:09.431 INFO [main] jdk.internal.reflect.DelegatingMethodAccessorImpl.invoke Command line argument: -Djdk.tls.ephemeralDHKeySize=2048
25-May-2023 00:05:09.431 INFO [main] jdk.internal.reflect.DelegatingMethodAccessorImpl.invoke Command line argument: -Djava.protocol.handler.pkgs=org.apache.catalina.webresources
25-May-2023 00:05:09.432 INFO [main] jdk.internal.reflect.DelegatingMethodAccessorImpl.invoke Command line argument: -Dorg.apache.catalina.security.SecurityListener.UMASK=0027
25-May-2023 00:05:09.432 INFO [main] jdk.internal.reflect.DelegatingMethodAccessorImpl.invoke Command line argument: -Dignore.endorsed.dirs=
25-May-2023 00:05:09.432 INFO [main] jdk.internal.reflect.DelegatingMethodAccessorImpl.invoke Command line argument: -Dcatalina.base=/home/gismael/Mine/apache-tomee-webprofile-9.0.0.RC1
25-May-2023 00:05:09.432 INFO [main] jdk.internal.reflect.DelegatingMethodAccessorImpl.invoke Command line argument: -Dcatalina.home=/home/gismael/Mine/apache-tomee-webprofile-9.0.0.RC1
25-May-2023 00:05:09.432 INFO [main] jdk.internal.reflect.DelegatingMethodAccessorImpl.invoke Command line argument: -Djava.io.tmpdir=/home/gismael/Mine/apache-tomee-webprofile-9.0.0.RC1/temp
25-May-2023 00:05:09.437 INFO [main] jdk.internal.reflect.DelegatingMethodAccessorImpl.invoke The Apache Tomcat Native library which allows using OpenSSL was not found on the java.library.path: [/usr/java/packages/lib:/usr/lib64:/lib64:/lib:/usr/lib]
25-May-2023 00:05:10.194 INFO [main] jdk.internal.reflect.DelegatingMethodAccessorImpl.invoke Initializing ProtocolHandler ["http-nio-8080"]
25-May-2023 00:05:10.279 INFO [main] jdk.internal.reflect.DelegatingMethodAccessorImpl.invoke Server initialization in [1298] milliseconds
25-May-2023 00:05:10.454 INFO [main] jdk.internal.reflect.DelegatingMethodAccessorImpl.invoke Starting service [Catalina]
25-May-2023 00:05:10.455 INFO [main] jdk.internal.reflect.DelegatingMethodAccessorImpl.invoke Starting Servlet engine: [Apache Tomcat/10.0.27]
25-May-2023 00:05:10.546 INFO [main] jdk.internal.reflect.DelegatingMethodAccessorImpl.invoke Deploying web application archive [/home/gismael/Mine/apache-tomee-webprofile-9.0.0.RC1/webapps/yaop.war]
25-May-2023 00:05:19.880 INFO [main] org.apache.myfaces.ee.MyFacesContainerInitializer.onStartup Using org.apache.myfaces.ee.MyFacesContainerInitializer
25-May-2023 00:05:19.927 INFO [main] org.apache.myfaces.ee.MyFacesContainerInitializer.onStartup Added FacesServlet with mappings=[/faces/*, *.jsf, *.faces, *.xhtml]
25-May-2023 00:05:20.233 INFO [main] jdk.internal.reflect.DelegatingMethodAccessorImpl.invoke At least one JAR was scanned for TLDs yet contained no TLDs. Enable debug logging for this logger for a complete list of JARs that were scanned but no TLDs were found in them. Skipping unneeded JARs during scanning can improve startup time and JSP compilation time.
25-May-2023 00:05:20.609 INFO [main] jdk.internal.reflect.DelegatingMethodAccessorImpl.invoke Deployment of web application archive [/home/gismael/Mine/apache-tomee-webprofile-9.0.0.RC1/webapps/yaop.war] has finished in [10,059] ms
25-May-2023 00:05:20.616 INFO [main] jdk.internal.reflect.DelegatingMethodAccessorImpl.invoke Deploying web application directory [/home/gismael/Mine/apache-tomee-webprofile-9.0.0.RC1/webapps/docs]
25-May-2023 00:05:26.298 INFO [main] org.apache.myfaces.ee.MyFacesContainerInitializer.onStartup Using org.apache.myfaces.ee.MyFacesContainerInitializer
25-May-2023 00:05:26.299 INFO [main] org.apache.myfaces.ee.MyFacesContainerInitializer.onStartup Added FacesServlet with mappings=[/faces/*, *.jsf, *.faces, *.xhtml]
25-May-2023 00:05:26.410 INFO [main] jdk.internal.reflect.DelegatingMethodAccessorImpl.invoke At least one JAR was scanned for TLDs yet contained no TLDs. Enable debug logging for this logger for a complete list of JARs that were scanned but no TLDs were found in them. Skipping unneeded JARs during scanning can improve startup time and JSP compilation time.
25-May-2023 00:05:26.420 INFO [main] jdk.internal.reflect.DelegatingMethodAccessorImpl.invoke Deployment of web application directory [/home/gismael/Mine/apache-tomee-webprofile-9.0.0.RC1/webapps/docs] has finished in [5,804] ms
25-May-2023 00:05:26.421 INFO [main] jdk.internal.reflect.DelegatingMethodAccessorImpl.invoke Deploying web application directory [/home/gismael/Mine/apache-tomee-webprofile-9.0.0.RC1/webapps/host-manager]
25-May-2023 00:05:29.896 INFO [main] org.apache.myfaces.ee.MyFacesContainerInitializer.onStartup Using org.apache.myfaces.ee.MyFacesContainerInitializer
25-May-2023 00:05:29.906 INFO [main] org.apache.myfaces.ee.MyFacesContainerInitializer.onStartup Added FacesServlet with mappings=[/faces/*, *.jsf, *.faces, *.xhtml]
25-May-2023 00:05:30.016 INFO [main] jdk.internal.reflect.DelegatingMethodAccessorImpl.invoke At least one JAR was scanned for TLDs yet contained no TLDs. Enable debug logging for this logger for a complete list of JARs that were scanned but no TLDs were found in them. Skipping unneeded JARs during scanning can improve startup time and JSP compilation time.
25-May-2023 00:05:30.035 INFO [main] jdk.internal.reflect.DelegatingMethodAccessorImpl.invoke Deployment of web application directory [/home/gismael/Mine/apache-tomee-webprofile-9.0.0.RC1/webapps/host-manager] has finished in [3,613] ms
25-May-2023 00:05:30.035 INFO [main] jdk.internal.reflect.DelegatingMethodAccessorImpl.invoke Deploying web application directory [/home/gismael/Mine/apache-tomee-webprofile-9.0.0.RC1/webapps/ROOT]
25-May-2023 00:05:33.304 INFO [main] org.apache.myfaces.ee.MyFacesContainerInitializer.onStartup Using org.apache.myfaces.ee.MyFacesContainerInitializer
25-May-2023 00:05:33.315 INFO [main] org.apache.myfaces.ee.MyFacesContainerInitializer.onStartup Added FacesServlet with mappings=[/faces/*, *.jsf, *.faces, *.xhtml]
25-May-2023 00:05:33.437 INFO [main] jdk.internal.reflect.DelegatingMethodAccessorImpl.invoke At least one JAR was scanned for TLDs yet contained no TLDs. Enable debug logging for this logger for a complete list of JARs that were scanned but no TLDs were found in them. Skipping unneeded JARs during scanning can improve startup time and JSP compilation time.
25-May-2023 00:05:33.450 INFO [main] jdk.internal.reflect.DelegatingMethodAccessorImpl.invoke Deployment of web application directory [/home/gismael/Mine/apache-tomee-webprofile-9.0.0.RC1/webapps/ROOT] has finished in [3,414] ms
25-May-2023 00:05:33.452 INFO [main] jdk.internal.reflect.DelegatingMethodAccessorImpl.invoke Deploying web application directory [/home/gismael/Mine/apache-tomee-webprofile-9.0.0.RC1/webapps/manager]
25-May-2023 00:05:36.844 INFO [main] org.apache.myfaces.ee.MyFacesContainerInitializer.onStartup Using org.apache.myfaces.ee.MyFacesContainerInitializer
25-May-2023 00:05:36.861 INFO [main] org.apache.myfaces.ee.MyFacesContainerInitializer.onStartup Added FacesServlet with mappings=[/faces/*, *.jsf, *.faces, *.xhtml]
25-May-2023 00:05:36.945 INFO [main] jdk.internal.reflect.DelegatingMethodAccessorImpl.invoke At least one JAR was scanned for TLDs yet contained no TLDs. Enable debug logging for this logger for a complete list of JARs that were scanned but no TLDs were found in them. Skipping unneeded JARs during scanning can improve startup time and JSP compilation time.
25-May-2023 00:05:36.951 INFO [main] jdk.internal.reflect.DelegatingMethodAccessorImpl.invoke Deployment of web application directory [/home/gismael/Mine/apache-tomee-webprofile-9.0.0.RC1/webapps/manager] has finished in [3,500] ms
25-May-2023 00:05:36.970 INFO [main] jdk.internal.reflect.DelegatingMethodAccessorImpl.invoke Starting ProtocolHandler ["http-nio-8080"]
25-May-2023 00:05:37.018 INFO [main] jdk.internal.reflect.DelegatingMethodAccessorImpl.invoke Server startup in [26736] milliseconds
25-May-2023 00:05:47.062 INFO [Catalina-utility-2] jdk.internal.reflect.DelegatingMethodAccessorImpl.invoke Deploying web application directory [/home/gismael/Mine/apache-tomee-webprofile-9.0.0.RC1/webapps/cv]
25-May-2023 00:05:56.422 INFO [main] jdk.internal.reflect.NativeMethodAccessorImpl.invoke Server version name:   Apache Tomcat/10.0.27
25-May-2023 00:05:56.426 INFO [main] jdk.internal.reflect.NativeMethodAccessorImpl.invoke Server built:          Oct 3 2022 14:18:31 UTC
25-May-2023 00:05:56.426 INFO [main] jdk.internal.reflect.NativeMethodAccessorImpl.invoke Server version number: 10.0.27.0
25-May-2023 00:05:56.426 INFO [main] jdk.internal.reflect.NativeMethodAccessorImpl.invoke OS Name:               Linux
25-May-2023 00:05:56.426 INFO [main] jdk.internal.reflect.NativeMethodAccessorImpl.invoke OS Version:            6.2.9-100.fc36.x86_64
25-May-2023 00:05:56.427 INFO [main] jdk.internal.reflect.NativeMethodAccessorImpl.invoke Architecture:          amd64
25-May-2023 00:05:56.427 INFO [main] jdk.internal.reflect.NativeMethodAccessorImpl.invoke Java Home:             /usr/lib/jvm/java-17-openjdk-17.0.6.0.10-1.fc36.x86_64
25-May-2023 00:05:56.427 INFO [main] jdk.internal.reflect.NativeMethodAccessorImpl.invoke JVM Version:           17.0.6+10
25-May-2023 00:05:56.427 INFO [main] jdk.internal.reflect.NativeMethodAccessorImpl.invoke JVM Vendor:            Red Hat, Inc.
25-May-2023 00:05:56.427 INFO [main] jdk.internal.reflect.NativeMethodAccessorImpl.invoke CATALINA_BASE:         /home/gismael/Mine/apache-tomee-webprofile-9.0.0.RC1
25-May-2023 00:05:56.427 INFO [main] jdk.internal.reflect.NativeMethodAccessorImpl.invoke CATALINA_HOME:         /home/gismael/Mine/apache-tomee-webprofile-9.0.0.RC1
25-May-2023 00:05:56.481 INFO [main] jdk.internal.reflect.NativeMethodAccessorImpl.invoke Command line argument: --add-opens=java.base/java.lang=ALL-UNNAMED
25-May-2023 00:05:56.481 INFO [main] jdk.internal.reflect.NativeMethodAccessorImpl.invoke Command line argument: --add-opens=java.base/java.io=ALL-UNNAMED
25-May-2023 00:05:56.481 INFO [main] jdk.internal.reflect.NativeMethodAccessorImpl.invoke Command line argument: --add-opens=java.base/java.util=ALL-UNNAMED
25-May-2023 00:05:56.481 INFO [main] jdk.internal.reflect.NativeMethodAccessorImpl.invoke Command line argument: --add-opens=java.base/java.util.concurrent=ALL-UNNAMED
25-May-2023 00:05:56.482 INFO [main] jdk.internal.reflect.NativeMethodAccessorImpl.invoke Command line argument: --add-opens=java.rmi/sun.rmi.transport=ALL-UNNAMED
25-May-2023 00:05:56.482 INFO [main] jdk.internal.reflect.DelegatingMethodAccessorImpl.invoke Command line argument: -Djava.util.logging.config.file=/home/gismael/Mine/apache-tomee-webprofile-9.0.0.RC1/conf/logging.properties
25-May-2023 00:05:56.483 INFO [main] jdk.internal.reflect.DelegatingMethodAccessorImpl.invoke Command line argument: -Djava.util.logging.manager=org.apache.juli.ClassLoaderLogManager
25-May-2023 00:05:56.486 INFO [main] jdk.internal.reflect.DelegatingMethodAccessorImpl.invoke Command line argument: -javaagent:/home/gismael/Mine/apache-tomee-webprofile-9.0.0.RC1/lib/openejb-javaagent.jar
25-May-2023 00:05:56.486 INFO [main] jdk.internal.reflect.DelegatingMethodAccessorImpl.invoke Command line argument: -Djdk.tls.ephemeralDHKeySize=2048
25-May-2023 00:05:56.486 INFO [main] jdk.internal.reflect.DelegatingMethodAccessorImpl.invoke Command line argument: -Djava.protocol.handler.pkgs=org.apache.catalina.webresources
25-May-2023 00:05:56.486 INFO [main] jdk.internal.reflect.DelegatingMethodAccessorImpl.invoke Command line argument: -Dorg.apache.catalina.security.SecurityListener.UMASK=0027
25-May-2023 00:05:56.486 INFO [main] jdk.internal.reflect.DelegatingMethodAccessorImpl.invoke Command line argument: -Dignore.endorsed.dirs=
25-May-2023 00:05:56.487 INFO [main] jdk.internal.reflect.DelegatingMethodAccessorImpl.invoke Command line argument: -Dcatalina.base=/home/gismael/Mine/apache-tomee-webprofile-9.0.0.RC1
25-May-2023 00:05:56.487 INFO [main] jdk.internal.reflect.DelegatingMethodAccessorImpl.invoke Command line argument: -Dcatalina.home=/home/gismael/Mine/apache-tomee-webprofile-9.0.0.RC1
25-May-2023 00:05:56.487 INFO [main] jdk.internal.reflect.DelegatingMethodAccessorImpl.invoke Command line argument: -Djava.io.tmpdir=/home/gismael/Mine/apache-tomee-webprofile-9.0.0.RC1/temp
25-May-2023 00:05:56.503 INFO [main] jdk.internal.reflect.DelegatingMethodAccessorImpl.invoke The Apache Tomcat Native library which allows using OpenSSL was not found on the java.library.path: [/usr/java/packages/lib:/usr/lib64:/lib64:/lib:/usr/lib]
25-May-2023 00:05:57.502 INFO [main] jdk.internal.reflect.DelegatingMethodAccessorImpl.invoke Initializing ProtocolHandler ["http-nio-8080"]
25-May-2023 00:05:57.548 SEVERE [main] jdk.internal.reflect.NativeMethodAccessorImpl.invoke Failed to initialize component [Connector[HTTP/1.1-8080]]
	org.apache.catalina.LifecycleException: Protocol handler initialization failed
		at org.apache.catalina.connector.Connector.initInternal(Connector.java:1055)
		at org.apache.catalina.util.LifecycleBase.init(LifecycleBase.java:136)
		at org.apache.catalina.core.StandardService.initInternal(StandardService.java:556)
		at org.apache.catalina.util.LifecycleBase.init(LifecycleBase.java:136)
		at org.apache.catalina.core.StandardServer.initInternal(StandardServer.java:1045)
		at org.apache.catalina.util.LifecycleBase.init(LifecycleBase.java:136)
		at org.apache.catalina.startup.Catalina.load(Catalina.java:747)
		at org.apache.catalina.startup.Catalina.load(Catalina.java:769)
		at java.base/jdk.internal.reflect.NativeMethodAccessorImpl.invoke0(Native Method)
		at java.base/jdk.internal.reflect.NativeMethodAccessorImpl.invoke(NativeMethodAccessorImpl.java:77)
		at java.base/jdk.internal.reflect.DelegatingMethodAccessorImpl.invoke(DelegatingMethodAccessorImpl.java:43)
		at java.base/java.lang.reflect.Method.invoke(Method.java:568)
		at org.apache.catalina.startup.Bootstrap.load(Bootstrap.java:305)
		at org.apache.catalina.startup.Bootstrap.main(Bootstrap.java:475)
	Caused by: java.net.BindException: Address already in use
		at java.base/sun.nio.ch.Net.bind0(Native Method)
		at java.base/sun.nio.ch.Net.bind(Net.java:555)
		at java.base/sun.nio.ch.ServerSocketChannelImpl.netBind(ServerSocketChannelImpl.java:337)
		at java.base/sun.nio.ch.ServerSocketChannelImpl.bind(ServerSocketChannelImpl.java:294)
		at org.apache.tomcat.util.net.NioEndpoint.initServerSocket(NioEndpoint.java:246)
		at org.apache.tomcat.util.net.NioEndpoint.bind(NioEndpoint.java:201)
		at org.apache.tomcat.util.net.AbstractEndpoint.bindWithCleanup(AbstractEndpoint.java:1192)
		at org.apache.tomcat.util.net.AbstractEndpoint.init(AbstractEndpoint.java:1205)
		at org.apache.coyote.AbstractProtocol.init(AbstractProtocol.java:583)
		at org.apache.coyote.http11.AbstractHttp11Protocol.init(AbstractHttp11Protocol.java:79)
		at org.apache.catalina.connector.Connector.initInternal(Connector.java:1052)
		... 13 more
25-May-2023 00:05:57.548 INFO [main] jdk.internal.reflect.DelegatingMethodAccessorImpl.invoke Server initialization in [1958] milliseconds
25-May-2023 00:05:57.703 INFO [main] jdk.internal.reflect.DelegatingMethodAccessorImpl.invoke Starting service [Catalina]
25-May-2023 00:05:57.704 INFO [main] jdk.internal.reflect.DelegatingMethodAccessorImpl.invoke Starting Servlet engine: [Apache Tomcat/10.0.27]
25-May-2023 00:05:57.785 INFO [main] jdk.internal.reflect.DelegatingMethodAccessorImpl.invoke Deploying web application archive [/home/gismael/Mine/apache-tomee-webprofile-9.0.0.RC1/webapps/yaop.war]
25-May-2023 00:05:57.957 INFO [Catalina-utility-2] jdk.internal.reflect.DelegatingMethodAccessorImpl.invoke Suspicious URL pattern: [/auth*] in context [/cv], see sections 12.1 and 12.2 of the Servlet specification
25-May-2023 00:05:58.154 INFO [Catalina-utility-2] org.apache.myfaces.ee.MyFacesContainerInitializer.onStartup Using org.apache.myfaces.ee.MyFacesContainerInitializer
25-May-2023 00:05:58.190 INFO [Catalina-utility-2] org.apache.myfaces.ee.MyFacesContainerInitializer.onStartup Added FacesServlet with mappings=[/faces/*, *.jsf, *.faces, *.xhtml]
25-May-2023 00:05:58.465 INFO [Catalina-utility-2] jdk.internal.reflect.DelegatingMethodAccessorImpl.invoke At least one JAR was scanned for TLDs yet contained no TLDs. Enable debug logging for this logger for a complete list of JARs that were scanned but no TLDs were found in them. Skipping unneeded JARs during scanning can improve startup time and JSP compilation time.
25-May-2023 00:05:58.514 INFO [Catalina-utility-2] jdk.internal.reflect.DelegatingMethodAccessorImpl.invoke Deployment of web application directory [/home/gismael/Mine/apache-tomee-webprofile-9.0.0.RC1/webapps/cv] has finished in [11,457] ms
25-May-2023 00:06:05.081 INFO [main] org.apache.myfaces.ee.MyFacesContainerInitializer.onStartup Using org.apache.myfaces.ee.MyFacesContainerInitializer
25-May-2023 00:06:05.118 INFO [main] org.apache.myfaces.ee.MyFacesContainerInitializer.onStartup Added FacesServlet with mappings=[/faces/*, *.jsf, *.faces, *.xhtml]
25-May-2023 00:06:05.397 INFO [main] jdk.internal.reflect.DelegatingMethodAccessorImpl.invoke At least one JAR was scanned for TLDs yet contained no TLDs. Enable debug logging for this logger for a complete list of JARs that were scanned but no TLDs were found in them. Skipping unneeded JARs during scanning can improve startup time and JSP compilation time.
25-May-2023 00:06:05.566 INFO [main] jdk.internal.reflect.DelegatingMethodAccessorImpl.invoke Deployment of web application archive [/home/gismael/Mine/apache-tomee-webprofile-9.0.0.RC1/webapps/yaop.war] has finished in [7,781] ms
25-May-2023 00:06:05.567 INFO [main] jdk.internal.reflect.DelegatingMethodAccessorImpl.invoke Deploying web application directory [/home/gismael/Mine/apache-tomee-webprofile-9.0.0.RC1/webapps/docs]
25-May-2023 00:06:09.640 INFO [main] org.apache.myfaces.ee.MyFacesContainerInitializer.onStartup Using org.apache.myfaces.ee.MyFacesContainerInitializer
25-May-2023 00:06:09.643 INFO [main] org.apache.myfaces.ee.MyFacesContainerInitializer.onStartup Added FacesServlet with mappings=[/faces/*, *.jsf, *.faces, *.xhtml]
25-May-2023 00:06:09.872 INFO [main] jdk.internal.reflect.DelegatingMethodAccessorImpl.invoke At least one JAR was scanned for TLDs yet contained no TLDs. Enable debug logging for this logger for a complete list of JARs that were scanned but no TLDs were found in them. Skipping unneeded JARs during scanning can improve startup time and JSP compilation time.
25-May-2023 00:06:09.890 INFO [main] jdk.internal.reflect.DelegatingMethodAccessorImpl.invoke Deployment of web application directory [/home/gismael/Mine/apache-tomee-webprofile-9.0.0.RC1/webapps/docs] has finished in [4,318] ms
25-May-2023 00:06:09.890 INFO [main] jdk.internal.reflect.DelegatingMethodAccessorImpl.invoke Deploying web application directory [/home/gismael/Mine/apache-tomee-webprofile-9.0.0.RC1/webapps/host-manager]
25-May-2023 00:06:14.227 INFO [main] org.apache.myfaces.ee.MyFacesContainerInitializer.onStartup Using org.apache.myfaces.ee.MyFacesContainerInitializer
25-May-2023 00:06:14.253 INFO [main] org.apache.myfaces.ee.MyFacesContainerInitializer.onStartup Added FacesServlet with mappings=[/faces/*, *.jsf, *.faces, *.xhtml]
25-May-2023 00:06:14.393 INFO [main] jdk.internal.reflect.DelegatingMethodAccessorImpl.invoke At least one JAR was scanned for TLDs yet contained no TLDs. Enable debug logging for this logger for a complete list of JARs that were scanned but no TLDs were found in them. Skipping unneeded JARs during scanning can improve startup time and JSP compilation time.
25-May-2023 00:06:14.416 INFO [main] jdk.internal.reflect.DelegatingMethodAccessorImpl.invoke Deployment of web application directory [/home/gismael/Mine/apache-tomee-webprofile-9.0.0.RC1/webapps/host-manager] has finished in [4,524] ms
25-May-2023 00:06:14.417 INFO [main] jdk.internal.reflect.DelegatingMethodAccessorImpl.invoke Deploying web application directory [/home/gismael/Mine/apache-tomee-webprofile-9.0.0.RC1/webapps/ROOT]
25-May-2023 00:06:19.110 INFO [main] org.apache.myfaces.ee.MyFacesContainerInitializer.onStartup Using org.apache.myfaces.ee.MyFacesContainerInitializer
25-May-2023 00:06:19.156 INFO [main] org.apache.myfaces.ee.MyFacesContainerInitializer.onStartup Added FacesServlet with mappings=[/faces/*, *.jsf, *.faces, *.xhtml]
25-May-2023 00:06:19.269 INFO [main] jdk.internal.reflect.DelegatingMethodAccessorImpl.invoke At least one JAR was scanned for TLDs yet contained no TLDs. Enable debug logging for this logger for a complete list of JARs that were scanned but no TLDs were found in them. Skipping unneeded JARs during scanning can improve startup time and JSP compilation time.
25-May-2023 00:06:19.281 INFO [main] jdk.internal.reflect.DelegatingMethodAccessorImpl.invoke Deployment of web application directory [/home/gismael/Mine/apache-tomee-webprofile-9.0.0.RC1/webapps/ROOT] has finished in [4,864] ms
25-May-2023 00:06:19.281 INFO [main] jdk.internal.reflect.DelegatingMethodAccessorImpl.invoke Deploying web application directory [/home/gismael/Mine/apache-tomee-webprofile-9.0.0.RC1/webapps/manager]
25-May-2023 00:06:19.368 INFO [main] jdk.internal.reflect.DelegatingMethodAccessorImpl.invoke A valid shutdown command was received via the shutdown port. Stopping the Server instance.
25-May-2023 00:06:19.451 INFO [main] jdk.internal.reflect.DelegatingMethodAccessorImpl.invoke Pausing ProtocolHandler ["http-nio-8080"]
25-May-2023 00:06:19.618 INFO [main] jdk.internal.reflect.DelegatingMethodAccessorImpl.invoke Stopping service [Catalina]
25-May-2023 00:06:20.180 INFO [main] jdk.internal.reflect.DelegatingMethodAccessorImpl.invoke Stopping ProtocolHandler ["http-nio-8080"]
25-May-2023 00:06:20.296 INFO [main] jdk.internal.reflect.DelegatingMethodAccessorImpl.invoke Destroying ProtocolHandler ["http-nio-8080"]
25-May-2023 00:06:24.380 INFO [main] jdk.internal.reflect.NativeMethodAccessorImpl.invoke Server version name:   Apache Tomcat/10.0.27
25-May-2023 00:06:24.388 INFO [main] jdk.internal.reflect.NativeMethodAccessorImpl.invoke Server built:          Oct 3 2022 14:18:31 UTC
25-May-2023 00:06:24.389 INFO [main] jdk.internal.reflect.NativeMethodAccessorImpl.invoke Server version number: 10.0.27.0
25-May-2023 00:06:24.389 INFO [main] jdk.internal.reflect.NativeMethodAccessorImpl.invoke OS Name:               Linux
25-May-2023 00:06:24.389 INFO [main] jdk.internal.reflect.NativeMethodAccessorImpl.invoke OS Version:            6.2.9-100.fc36.x86_64
25-May-2023 00:06:24.389 INFO [main] jdk.internal.reflect.NativeMethodAccessorImpl.invoke Architecture:          amd64
25-May-2023 00:06:24.389 INFO [main] jdk.internal.reflect.NativeMethodAccessorImpl.invoke Java Home:             /usr/lib/jvm/java-17-openjdk-17.0.6.0.10-1.fc36.x86_64
25-May-2023 00:06:24.389 INFO [main] jdk.internal.reflect.NativeMethodAccessorImpl.invoke JVM Version:           17.0.6+10
25-May-2023 00:06:24.389 INFO [main] jdk.internal.reflect.NativeMethodAccessorImpl.invoke JVM Vendor:            Red Hat, Inc.
25-May-2023 00:06:24.389 INFO [main] jdk.internal.reflect.NativeMethodAccessorImpl.invoke CATALINA_BASE:         /home/gismael/Mine/apache-tomee-webprofile-9.0.0.RC1
25-May-2023 00:06:24.389 INFO [main] jdk.internal.reflect.NativeMethodAccessorImpl.invoke CATALINA_HOME:         /home/gismael/Mine/apache-tomee-webprofile-9.0.0.RC1
25-May-2023 00:06:24.423 INFO [main] jdk.internal.reflect.NativeMethodAccessorImpl.invoke Command line argument: --add-opens=java.base/java.lang=ALL-UNNAMED
25-May-2023 00:06:24.423 INFO [main] jdk.internal.reflect.NativeMethodAccessorImpl.invoke Command line argument: --add-opens=java.base/java.io=ALL-UNNAMED
25-May-2023 00:06:24.423 INFO [main] jdk.internal.reflect.NativeMethodAccessorImpl.invoke Command line argument: --add-opens=java.base/java.util=ALL-UNNAMED
25-May-2023 00:06:24.424 INFO [main] jdk.internal.reflect.NativeMethodAccessorImpl.invoke Command line argument: --add-opens=java.base/java.util.concurrent=ALL-UNNAMED
25-May-2023 00:06:24.424 INFO [main] jdk.internal.reflect.NativeMethodAccessorImpl.invoke Command line argument: --add-opens=java.rmi/sun.rmi.transport=ALL-UNNAMED
25-May-2023 00:06:24.425 INFO [main] jdk.internal.reflect.DelegatingMethodAccessorImpl.invoke Command line argument: -Djava.util.logging.config.file=/home/gismael/Mine/apache-tomee-webprofile-9.0.0.RC1/conf/logging.properties
25-May-2023 00:06:24.425 INFO [main] jdk.internal.reflect.DelegatingMethodAccessorImpl.invoke Command line argument: -Djava.util.logging.manager=org.apache.juli.ClassLoaderLogManager
25-May-2023 00:06:24.425 INFO [main] jdk.internal.reflect.DelegatingMethodAccessorImpl.invoke Command line argument: -javaagent:/home/gismael/Mine/apache-tomee-webprofile-9.0.0.RC1/lib/openejb-javaagent.jar
25-May-2023 00:06:24.425 INFO [main] jdk.internal.reflect.DelegatingMethodAccessorImpl.invoke Command line argument: -Djdk.tls.ephemeralDHKeySize=2048
25-May-2023 00:06:24.425 INFO [main] jdk.internal.reflect.DelegatingMethodAccessorImpl.invoke Command line argument: -Djava.protocol.handler.pkgs=org.apache.catalina.webresources
25-May-2023 00:06:24.425 INFO [main] jdk.internal.reflect.DelegatingMethodAccessorImpl.invoke Command line argument: -Dorg.apache.catalina.security.SecurityListener.UMASK=0027
25-May-2023 00:06:24.425 INFO [main] jdk.internal.reflect.DelegatingMethodAccessorImpl.invoke Command line argument: -Dignore.endorsed.dirs=
25-May-2023 00:06:24.425 INFO [main] jdk.internal.reflect.DelegatingMethodAccessorImpl.invoke Command line argument: -Dcatalina.base=/home/gismael/Mine/apache-tomee-webprofile-9.0.0.RC1
25-May-2023 00:06:24.425 INFO [main] jdk.internal.reflect.DelegatingMethodAccessorImpl.invoke Command line argument: -Dcatalina.home=/home/gismael/Mine/apache-tomee-webprofile-9.0.0.RC1
25-May-2023 00:06:24.425 INFO [main] jdk.internal.reflect.DelegatingMethodAccessorImpl.invoke Command line argument: -Djava.io.tmpdir=/home/gismael/Mine/apache-tomee-webprofile-9.0.0.RC1/temp
25-May-2023 00:06:24.437 INFO [main] jdk.internal.reflect.DelegatingMethodAccessorImpl.invoke The Apache Tomcat Native library which allows using OpenSSL was not found on the java.library.path: [/usr/java/packages/lib:/usr/lib64:/lib64:/lib:/usr/lib]
25-May-2023 00:06:25.207 INFO [main] org.apache.myfaces.ee.MyFacesContainerInitializer.onStartup Using org.apache.myfaces.ee.MyFacesContainerInitializer
25-May-2023 00:06:25.281 INFO [main] org.apache.myfaces.ee.MyFacesContainerInitializer.onStartup Added FacesServlet with mappings=[/faces/*, *.jsf, *.faces, *.xhtml]
25-May-2023 00:06:25.305 INFO [main] jdk.internal.reflect.DelegatingMethodAccessorImpl.invoke Initializing ProtocolHandler ["http-nio-8080"]
25-May-2023 00:06:25.396 INFO [main] jdk.internal.reflect.DelegatingMethodAccessorImpl.invoke Server initialization in [2263] milliseconds
25-May-2023 00:06:25.525 INFO [main] jdk.internal.reflect.DelegatingMethodAccessorImpl.invoke Starting service [Catalina]
25-May-2023 00:06:25.526 INFO [main] jdk.internal.reflect.DelegatingMethodAccessorImpl.invoke Starting Servlet engine: [Apache Tomcat/10.0.27]
25-May-2023 00:06:25.532 INFO [main] jdk.internal.reflect.DelegatingMethodAccessorImpl.invoke At least one JAR was scanned for TLDs yet contained no TLDs. Enable debug logging for this logger for a complete list of JARs that were scanned but no TLDs were found in them. Skipping unneeded JARs during scanning can improve startup time and JSP compilation time.
25-May-2023 00:06:25.591 INFO [main] jdk.internal.reflect.DelegatingMethodAccessorImpl.invoke Deploying web application archive [/home/gismael/Mine/apache-tomee-webprofile-9.0.0.RC1/webapps/yaop.war]
25-May-2023 00:06:25.621 INFO [main] jdk.internal.reflect.DelegatingMethodAccessorImpl.invoke Deployment of web application directory [/home/gismael/Mine/apache-tomee-webprofile-9.0.0.RC1/webapps/manager] has finished in [6,338] ms
25-May-2023 00:06:25.630 INFO [main] jdk.internal.reflect.DelegatingMethodAccessorImpl.invoke Deploying web application directory [/home/gismael/Mine/apache-tomee-webprofile-9.0.0.RC1/webapps/cv]
25-May-2023 00:06:34.074 INFO [main] org.apache.myfaces.ee.MyFacesContainerInitializer.onStartup Using org.apache.myfaces.ee.MyFacesContainerInitializer
25-May-2023 00:06:34.124 INFO [main] org.apache.myfaces.ee.MyFacesContainerInitializer.onStartup Added FacesServlet with mappings=[/faces/*, *.jsf, *.faces, *.xhtml]
25-May-2023 00:06:34.773 INFO [main] jdk.internal.reflect.DelegatingMethodAccessorImpl.invoke At least one JAR was scanned for TLDs yet contained no TLDs. Enable debug logging for this logger for a complete list of JARs that were scanned but no TLDs were found in them. Skipping unneeded JARs during scanning can improve startup time and JSP compilation time.
25-May-2023 00:06:34.840 INFO [main] jdk.internal.reflect.DelegatingMethodAccessorImpl.invoke Suspicious URL pattern: [/auth*] in context [/cv], see sections 12.1 and 12.2 of the Servlet specification
25-May-2023 00:06:35.104 INFO [main] org.apache.myfaces.ee.MyFacesContainerInitializer.onStartup Using org.apache.myfaces.ee.MyFacesContainerInitializer
25-May-2023 00:06:35.109 INFO [main] org.apache.myfaces.ee.MyFacesContainerInitializer.onStartup Added FacesServlet with mappings=[/faces/*, *.jsf, *.faces, *.xhtml]
25-May-2023 00:06:35.574 WARNING [main] jdk.internal.reflect.NativeMethodAccessorImpl.invoke Creation of SecureRandom instance for session ID generation using [SHA1PRNG] took [118] milliseconds.
25-May-2023 00:06:35.621 INFO [main] jdk.internal.reflect.DelegatingMethodAccessorImpl.invoke At least one JAR was scanned for TLDs yet contained no TLDs. Enable debug logging for this logger for a complete list of JARs that were scanned but no TLDs were found in them. Skipping unneeded JARs during scanning can improve startup time and JSP compilation time.
25-May-2023 00:06:35.664 INFO [main] jdk.internal.reflect.DelegatingMethodAccessorImpl.invoke Deployment of web application directory [/home/gismael/Mine/apache-tomee-webprofile-9.0.0.RC1/webapps/cv] has finished in [10,032] ms
25-May-2023 00:06:35.699 INFO [main] jdk.internal.reflect.DelegatingMethodAccessorImpl.invoke Deployment of web application archive [/home/gismael/Mine/apache-tomee-webprofile-9.0.0.RC1/webapps/yaop.war] has finished in [10,109] ms
25-May-2023 00:06:35.704 INFO [main] jdk.internal.reflect.DelegatingMethodAccessorImpl.invoke Deploying web application directory [/home/gismael/Mine/apache-tomee-webprofile-9.0.0.RC1/webapps/docs]
25-May-2023 00:06:35.708 INFO [main] jdk.internal.reflect.DelegatingMethodAccessorImpl.invoke Server startup in [38159] milliseconds
25-May-2023 00:06:43.396 INFO [main] org.apache.myfaces.ee.MyFacesContainerInitializer.onStartup Using org.apache.myfaces.ee.MyFacesContainerInitializer
25-May-2023 00:06:43.405 INFO [main] org.apache.myfaces.ee.MyFacesContainerInitializer.onStartup Added FacesServlet with mappings=[/faces/*, *.jsf, *.faces, *.xhtml]
25-May-2023 00:06:43.625 INFO [main] jdk.internal.reflect.DelegatingMethodAccessorImpl.invoke At least one JAR was scanned for TLDs yet contained no TLDs. Enable debug logging for this logger for a complete list of JARs that were scanned but no TLDs were found in them. Skipping unneeded JARs during scanning can improve startup time and JSP compilation time.
25-May-2023 00:06:43.653 INFO [main] jdk.internal.reflect.DelegatingMethodAccessorImpl.invoke Deployment of web application directory [/home/gismael/Mine/apache-tomee-webprofile-9.0.0.RC1/webapps/docs] has finished in [7,945] ms
25-May-2023 00:06:43.659 INFO [main] jdk.internal.reflect.DelegatingMethodAccessorImpl.invoke Deploying web application directory [/home/gismael/Mine/apache-tomee-webprofile-9.0.0.RC1/webapps/host-manager]
25-May-2023 00:06:47.437 INFO [main] org.apache.myfaces.ee.MyFacesContainerInitializer.onStartup Using org.apache.myfaces.ee.MyFacesContainerInitializer
25-May-2023 00:06:47.451 INFO [main] org.apache.myfaces.ee.MyFacesContainerInitializer.onStartup Added FacesServlet with mappings=[/faces/*, *.jsf, *.faces, *.xhtml]
25-May-2023 00:06:47.564 INFO [main] jdk.internal.reflect.DelegatingMethodAccessorImpl.invoke At least one JAR was scanned for TLDs yet contained no TLDs. Enable debug logging for this logger for a complete list of JARs that were scanned but no TLDs were found in them. Skipping unneeded JARs during scanning can improve startup time and JSP compilation time.
25-May-2023 00:06:47.577 INFO [main] jdk.internal.reflect.DelegatingMethodAccessorImpl.invoke Deployment of web application directory [/home/gismael/Mine/apache-tomee-webprofile-9.0.0.RC1/webapps/host-manager] has finished in [3,917] ms
25-May-2023 00:06:47.577 INFO [main] jdk.internal.reflect.DelegatingMethodAccessorImpl.invoke Deploying web application directory [/home/gismael/Mine/apache-tomee-webprofile-9.0.0.RC1/webapps/ROOT]
25-May-2023 00:06:50.409 INFO [main] org.apache.myfaces.ee.MyFacesContainerInitializer.onStartup Using org.apache.myfaces.ee.MyFacesContainerInitializer
25-May-2023 00:06:50.412 INFO [main] org.apache.myfaces.ee.MyFacesContainerInitializer.onStartup Added FacesServlet with mappings=[/faces/*, *.jsf, *.faces, *.xhtml]
25-May-2023 00:06:50.532 INFO [main] jdk.internal.reflect.DelegatingMethodAccessorImpl.invoke At least one JAR was scanned for TLDs yet contained no TLDs. Enable debug logging for this logger for a complete list of JARs that were scanned but no TLDs were found in them. Skipping unneeded JARs during scanning can improve startup time and JSP compilation time.
25-May-2023 00:06:50.541 INFO [main] jdk.internal.reflect.DelegatingMethodAccessorImpl.invoke Deployment of web application directory [/home/gismael/Mine/apache-tomee-webprofile-9.0.0.RC1/webapps/ROOT] has finished in [2,964] ms
25-May-2023 00:06:50.541 INFO [main] jdk.internal.reflect.DelegatingMethodAccessorImpl.invoke Deploying web application directory [/home/gismael/Mine/apache-tomee-webprofile-9.0.0.RC1/webapps/manager]
25-May-2023 00:06:53.686 INFO [main] org.apache.myfaces.ee.MyFacesContainerInitializer.onStartup Using org.apache.myfaces.ee.MyFacesContainerInitializer
25-May-2023 00:06:53.704 INFO [main] org.apache.myfaces.ee.MyFacesContainerInitializer.onStartup Added FacesServlet with mappings=[/faces/*, *.jsf, *.faces, *.xhtml]
25-May-2023 00:06:53.824 INFO [main] jdk.internal.reflect.DelegatingMethodAccessorImpl.invoke At least one JAR was scanned for TLDs yet contained no TLDs. Enable debug logging for this logger for a complete list of JARs that were scanned but no TLDs were found in them. Skipping unneeded JARs during scanning can improve startup time and JSP compilation time.
25-May-2023 00:06:53.842 INFO [main] jdk.internal.reflect.DelegatingMethodAccessorImpl.invoke Deployment of web application directory [/home/gismael/Mine/apache-tomee-webprofile-9.0.0.RC1/webapps/manager] has finished in [3,301] ms
25-May-2023 00:06:53.843 INFO [main] jdk.internal.reflect.DelegatingMethodAccessorImpl.invoke Deploying web application directory [/home/gismael/Mine/apache-tomee-webprofile-9.0.0.RC1/webapps/cv]
25-May-2023 00:06:59.155 INFO [main] jdk.internal.reflect.DelegatingMethodAccessorImpl.invoke Suspicious URL pattern: [/auth*] in context [/cv], see sections 12.1 and 12.2 of the Servlet specification
25-May-2023 00:06:59.231 INFO [main] org.apache.myfaces.ee.MyFacesContainerInitializer.onStartup Using org.apache.myfaces.ee.MyFacesContainerInitializer
25-May-2023 00:06:59.235 INFO [main] org.apache.myfaces.ee.MyFacesContainerInitializer.onStartup Added FacesServlet with mappings=[/faces/*, *.jsf, *.faces, *.xhtml]
25-May-2023 00:06:59.350 INFO [main] jdk.internal.reflect.DelegatingMethodAccessorImpl.invoke At least one JAR was scanned for TLDs yet contained no TLDs. Enable debug logging for this logger for a complete list of JARs that were scanned but no TLDs were found in them. Skipping unneeded JARs during scanning can improve startup time and JSP compilation time.
25-May-2023 00:06:59.367 INFO [main] jdk.internal.reflect.DelegatingMethodAccessorImpl.invoke Deployment of web application directory [/home/gismael/Mine/apache-tomee-webprofile-9.0.0.RC1/webapps/cv] has finished in [5,523] ms
25-May-2023 00:06:59.400 INFO [main] jdk.internal.reflect.DelegatingMethodAccessorImpl.invoke Starting ProtocolHandler ["http-nio-8080"]
25-May-2023 00:06:59.478 INFO [main] jdk.internal.reflect.DelegatingMethodAccessorImpl.invoke Server startup in [34081] milliseconds
25-May-2023 00:06:59.530 SEVERE [main] jdk.internal.reflect.NativeMethodAccessorImpl.invoke Failed to create server shutdown socket on address [localhost] and port [8005] (base port [8005] and offset [0])
	java.net.BindException: Address already in use
		at java.base/sun.nio.ch.Net.bind0(Native Method)
		at java.base/sun.nio.ch.Net.bind(Net.java:555)
		at java.base/sun.nio.ch.Net.bind(Net.java:544)
		at java.base/sun.nio.ch.NioSocketImpl.bind(NioSocketImpl.java:643)
		at java.base/java.net.ServerSocket.bind(ServerSocket.java:388)
		at java.base/java.net.ServerSocket.<init>(ServerSocket.java:274)
		at org.apache.catalina.core.StandardServer.await(StandardServer.java:580)
		at org.apache.catalina.startup.Catalina.await(Catalina.java:887)
		at org.apache.catalina.startup.Catalina.start(Catalina.java:833)
		at java.base/jdk.internal.reflect.NativeMethodAccessorImpl.invoke0(Native Method)
		at java.base/jdk.internal.reflect.NativeMethodAccessorImpl.invoke(NativeMethodAccessorImpl.java:77)
		at java.base/jdk.internal.reflect.DelegatingMethodAccessorImpl.invoke(DelegatingMethodAccessorImpl.java:43)
		at java.base/java.lang.reflect.Method.invoke(Method.java:568)
		at org.apache.catalina.startup.Bootstrap.start(Bootstrap.java:345)
		at org.apache.catalina.startup.Bootstrap.main(Bootstrap.java:476)
25-May-2023 00:06:59.535 INFO [main] jdk.internal.reflect.DelegatingMethodAccessorImpl.invoke Pausing ProtocolHandler ["http-nio-8080"]
25-May-2023 00:06:59.555 INFO [main] jdk.internal.reflect.DelegatingMethodAccessorImpl.invoke Stopping service [Catalina]
25-May-2023 00:06:59.681 INFO [main] jdk.internal.reflect.DelegatingMethodAccessorImpl.invoke Stopping ProtocolHandler ["http-nio-8080"]
25-May-2023 00:06:59.702 INFO [main] jdk.internal.reflect.DelegatingMethodAccessorImpl.invoke Destroying ProtocolHandler ["http-nio-8080"]
25-May-2023 00:07:20.449 INFO [main] jdk.internal.reflect.DelegatingMethodAccessorImpl.invoke A valid shutdown command was received via the shutdown port. Stopping the Server instance.
25-May-2023 00:07:20.471 INFO [main] jdk.internal.reflect.DelegatingMethodAccessorImpl.invoke Pausing ProtocolHandler ["http-nio-8080"]
25-May-2023 00:07:20.473 INFO [main] jdk.internal.reflect.DelegatingMethodAccessorImpl.invoke Stopping service [Catalina]
25-May-2023 00:07:20.736 INFO [main] jdk.internal.reflect.DelegatingMethodAccessorImpl.invoke Stopping ProtocolHandler ["http-nio-8080"]
25-May-2023 00:07:20.787 INFO [main] jdk.internal.reflect.DelegatingMethodAccessorImpl.invoke Destroying ProtocolHandler ["http-nio-8080"]
25-May-2023 00:07:43.115 INFO [main] jdk.internal.reflect.NativeMethodAccessorImpl.invoke Server version name:   Apache Tomcat/10.0.27
25-May-2023 00:07:43.116 INFO [main] jdk.internal.reflect.NativeMethodAccessorImpl.invoke Server built:          Oct 3 2022 14:18:31 UTC
25-May-2023 00:07:43.116 INFO [main] jdk.internal.reflect.NativeMethodAccessorImpl.invoke Server version number: 10.0.27.0
25-May-2023 00:07:43.116 INFO [main] jdk.internal.reflect.NativeMethodAccessorImpl.invoke OS Name:               Linux
25-May-2023 00:07:43.116 INFO [main] jdk.internal.reflect.NativeMethodAccessorImpl.invoke OS Version:            6.2.9-100.fc36.x86_64
25-May-2023 00:07:43.116 INFO [main] jdk.internal.reflect.NativeMethodAccessorImpl.invoke Architecture:          amd64
25-May-2023 00:07:43.117 INFO [main] jdk.internal.reflect.NativeMethodAccessorImpl.invoke Java Home:             /usr/lib/jvm/java-17-openjdk-17.0.6.0.10-1.fc36.x86_64
25-May-2023 00:07:43.117 INFO [main] jdk.internal.reflect.NativeMethodAccessorImpl.invoke JVM Version:           17.0.6+10
25-May-2023 00:07:43.117 INFO [main] jdk.internal.reflect.NativeMethodAccessorImpl.invoke JVM Vendor:            Red Hat, Inc.
25-May-2023 00:07:43.117 INFO [main] jdk.internal.reflect.NativeMethodAccessorImpl.invoke CATALINA_BASE:         /home/gismael/Mine/apache-tomee-webprofile-9.0.0.RC1
25-May-2023 00:07:43.117 INFO [main] jdk.internal.reflect.NativeMethodAccessorImpl.invoke CATALINA_HOME:         /home/gismael/Mine/apache-tomee-webprofile-9.0.0.RC1
25-May-2023 00:07:43.129 INFO [main] jdk.internal.reflect.NativeMethodAccessorImpl.invoke Command line argument: --add-opens=java.base/java.lang=ALL-UNNAMED
25-May-2023 00:07:43.129 INFO [main] jdk.internal.reflect.NativeMethodAccessorImpl.invoke Command line argument: --add-opens=java.base/java.io=ALL-UNNAMED
25-May-2023 00:07:43.129 INFO [main] jdk.internal.reflect.NativeMethodAccessorImpl.invoke Command line argument: --add-opens=java.base/java.util=ALL-UNNAMED
25-May-2023 00:07:43.129 INFO [main] jdk.internal.reflect.NativeMethodAccessorImpl.invoke Command line argument: --add-opens=java.base/java.util.concurrent=ALL-UNNAMED
25-May-2023 00:07:43.130 INFO [main] jdk.internal.reflect.NativeMethodAccessorImpl.invoke Command line argument: --add-opens=java.rmi/sun.rmi.transport=ALL-UNNAMED
25-May-2023 00:07:43.130 INFO [main] jdk.internal.reflect.DelegatingMethodAccessorImpl.invoke Command line argument: -Djava.util.logging.config.file=/home/gismael/Mine/apache-tomee-webprofile-9.0.0.RC1/conf/logging.properties
25-May-2023 00:07:43.130 INFO [main] jdk.internal.reflect.DelegatingMethodAccessorImpl.invoke Command line argument: -Djava.util.logging.manager=org.apache.juli.ClassLoaderLogManager
25-May-2023 00:07:43.130 INFO [main] jdk.internal.reflect.DelegatingMethodAccessorImpl.invoke Command line argument: -javaagent:/home/gismael/Mine/apache-tomee-webprofile-9.0.0.RC1/lib/openejb-javaagent.jar
25-May-2023 00:07:43.130 INFO [main] jdk.internal.reflect.DelegatingMethodAccessorImpl.invoke Command line argument: -Djdk.tls.ephemeralDHKeySize=2048
25-May-2023 00:07:43.130 INFO [main] jdk.internal.reflect.DelegatingMethodAccessorImpl.invoke Command line argument: -Djava.protocol.handler.pkgs=org.apache.catalina.webresources
25-May-2023 00:07:43.130 INFO [main] jdk.internal.reflect.DelegatingMethodAccessorImpl.invoke Command line argument: -Dorg.apache.catalina.security.SecurityListener.UMASK=0027
25-May-2023 00:07:43.130 INFO [main] jdk.internal.reflect.DelegatingMethodAccessorImpl.invoke Command line argument: -Dignore.endorsed.dirs=
25-May-2023 00:07:43.130 INFO [main] jdk.internal.reflect.DelegatingMethodAccessorImpl.invoke Command line argument: -Dcatalina.base=/home/gismael/Mine/apache-tomee-webprofile-9.0.0.RC1
25-May-2023 00:07:43.130 INFO [main] jdk.internal.reflect.DelegatingMethodAccessorImpl.invoke Command line argument: -Dcatalina.home=/home/gismael/Mine/apache-tomee-webprofile-9.0.0.RC1
25-May-2023 00:07:43.130 INFO [main] jdk.internal.reflect.DelegatingMethodAccessorImpl.invoke Command line argument: -Djava.io.tmpdir=/home/gismael/Mine/apache-tomee-webprofile-9.0.0.RC1/temp
25-May-2023 00:07:43.132 INFO [main] jdk.internal.reflect.DelegatingMethodAccessorImpl.invoke The Apache Tomcat Native library which allows using OpenSSL was not found on the java.library.path: [/usr/java/packages/lib:/usr/lib64:/lib64:/lib:/usr/lib]
25-May-2023 00:07:43.661 INFO [main] jdk.internal.reflect.DelegatingMethodAccessorImpl.invoke Initializing ProtocolHandler ["http-nio-8080"]
25-May-2023 00:07:43.701 INFO [main] jdk.internal.reflect.DelegatingMethodAccessorImpl.invoke Server initialization in [977] milliseconds
25-May-2023 00:07:43.781 INFO [main] jdk.internal.reflect.DelegatingMethodAccessorImpl.invoke Starting service [Catalina]
25-May-2023 00:07:43.781 INFO [main] jdk.internal.reflect.DelegatingMethodAccessorImpl.invoke Starting Servlet engine: [Apache Tomcat/10.0.27]
25-May-2023 00:07:43.814 INFO [main] jdk.internal.reflect.DelegatingMethodAccessorImpl.invoke Deploying web application archive [/home/gismael/Mine/apache-tomee-webprofile-9.0.0.RC1/webapps/yaop.war]
25-May-2023 00:07:49.206 INFO [main] org.apache.myfaces.ee.MyFacesContainerInitializer.onStartup Using org.apache.myfaces.ee.MyFacesContainerInitializer
25-May-2023 00:07:49.233 INFO [main] org.apache.myfaces.ee.MyFacesContainerInitializer.onStartup Added FacesServlet with mappings=[/faces/*, *.jsf, *.faces, *.xhtml]
25-May-2023 00:07:49.463 INFO [main] jdk.internal.reflect.DelegatingMethodAccessorImpl.invoke At least one JAR was scanned for TLDs yet contained no TLDs. Enable debug logging for this logger for a complete list of JARs that were scanned but no TLDs were found in them. Skipping unneeded JARs during scanning can improve startup time and JSP compilation time.
25-May-2023 00:07:49.648 INFO [main] jdk.internal.reflect.DelegatingMethodAccessorImpl.invoke Deployment of web application archive [/home/gismael/Mine/apache-tomee-webprofile-9.0.0.RC1/webapps/yaop.war] has finished in [5,834] ms
25-May-2023 00:07:49.652 INFO [main] jdk.internal.reflect.DelegatingMethodAccessorImpl.invoke Deploying web application directory [/home/gismael/Mine/apache-tomee-webprofile-9.0.0.RC1/webapps/docs]
25-May-2023 00:07:53.184 INFO [main] org.apache.myfaces.ee.MyFacesContainerInitializer.onStartup Using org.apache.myfaces.ee.MyFacesContainerInitializer
25-May-2023 00:07:53.186 INFO [main] org.apache.myfaces.ee.MyFacesContainerInitializer.onStartup Added FacesServlet with mappings=[/faces/*, *.jsf, *.faces, *.xhtml]
25-May-2023 00:07:53.339 INFO [main] jdk.internal.reflect.DelegatingMethodAccessorImpl.invoke At least one JAR was scanned for TLDs yet contained no TLDs. Enable debug logging for this logger for a complete list of JARs that were scanned but no TLDs were found in them. Skipping unneeded JARs during scanning can improve startup time and JSP compilation time.
25-May-2023 00:07:53.344 INFO [main] jdk.internal.reflect.DelegatingMethodAccessorImpl.invoke Deployment of web application directory [/home/gismael/Mine/apache-tomee-webprofile-9.0.0.RC1/webapps/docs] has finished in [3,693] ms
25-May-2023 00:07:53.345 INFO [main] jdk.internal.reflect.DelegatingMethodAccessorImpl.invoke Deploying web application directory [/home/gismael/Mine/apache-tomee-webprofile-9.0.0.RC1/webapps/host-manager]
25-May-2023 00:07:56.227 INFO [main] org.apache.myfaces.ee.MyFacesContainerInitializer.onStartup Using org.apache.myfaces.ee.MyFacesContainerInitializer
25-May-2023 00:07:56.233 INFO [main] org.apache.myfaces.ee.MyFacesContainerInitializer.onStartup Added FacesServlet with mappings=[/faces/*, *.jsf, *.faces, *.xhtml]
25-May-2023 00:07:56.364 INFO [main] jdk.internal.reflect.DelegatingMethodAccessorImpl.invoke At least one JAR was scanned for TLDs yet contained no TLDs. Enable debug logging for this logger for a complete list of JARs that were scanned but no TLDs were found in them. Skipping unneeded JARs during scanning can improve startup time and JSP compilation time.
25-May-2023 00:07:56.394 INFO [main] jdk.internal.reflect.DelegatingMethodAccessorImpl.invoke Deployment of web application directory [/home/gismael/Mine/apache-tomee-webprofile-9.0.0.RC1/webapps/host-manager] has finished in [3,048] ms
25-May-2023 00:07:56.394 INFO [main] jdk.internal.reflect.DelegatingMethodAccessorImpl.invoke Deploying web application directory [/home/gismael/Mine/apache-tomee-webprofile-9.0.0.RC1/webapps/ROOT]
25-May-2023 00:07:59.221 INFO [main] org.apache.myfaces.ee.MyFacesContainerInitializer.onStartup Using org.apache.myfaces.ee.MyFacesContainerInitializer
25-May-2023 00:07:59.222 INFO [main] org.apache.myfaces.ee.MyFacesContainerInitializer.onStartup Added FacesServlet with mappings=[/faces/*, *.jsf, *.faces, *.xhtml]
25-May-2023 00:07:59.294 INFO [main] jdk.internal.reflect.DelegatingMethodAccessorImpl.invoke At least one JAR was scanned for TLDs yet contained no TLDs. Enable debug logging for this logger for a complete list of JARs that were scanned but no TLDs were found in them. Skipping unneeded JARs during scanning can improve startup time and JSP compilation time.
25-May-2023 00:07:59.298 INFO [main] jdk.internal.reflect.DelegatingMethodAccessorImpl.invoke Deployment of web application directory [/home/gismael/Mine/apache-tomee-webprofile-9.0.0.RC1/webapps/ROOT] has finished in [2,903] ms
25-May-2023 00:07:59.298 INFO [main] jdk.internal.reflect.DelegatingMethodAccessorImpl.invoke Deploying web application directory [/home/gismael/Mine/apache-tomee-webprofile-9.0.0.RC1/webapps/manager]
25-May-2023 00:08:02.129 INFO [main] org.apache.myfaces.ee.MyFacesContainerInitializer.onStartup Using org.apache.myfaces.ee.MyFacesContainerInitializer
25-May-2023 00:08:02.138 INFO [main] org.apache.myfaces.ee.MyFacesContainerInitializer.onStartup Added FacesServlet with mappings=[/faces/*, *.jsf, *.faces, *.xhtml]
25-May-2023 00:08:02.224 INFO [main] jdk.internal.reflect.DelegatingMethodAccessorImpl.invoke At least one JAR was scanned for TLDs yet contained no TLDs. Enable debug logging for this logger for a complete list of JARs that were scanned but no TLDs were found in them. Skipping unneeded JARs during scanning can improve startup time and JSP compilation time.
25-May-2023 00:08:02.234 INFO [main] jdk.internal.reflect.DelegatingMethodAccessorImpl.invoke Deployment of web application directory [/home/gismael/Mine/apache-tomee-webprofile-9.0.0.RC1/webapps/manager] has finished in [2,936] ms
25-May-2023 00:08:02.235 INFO [main] jdk.internal.reflect.DelegatingMethodAccessorImpl.invoke Deploying web application directory [/home/gismael/Mine/apache-tomee-webprofile-9.0.0.RC1/webapps/cv]
25-May-2023 00:08:07.512 INFO [main] jdk.internal.reflect.DelegatingMethodAccessorImpl.invoke Suspicious URL pattern: [/auth*] in context [/cv], see sections 12.1 and 12.2 of the Servlet specification
25-May-2023 00:08:07.610 INFO [main] org.apache.myfaces.ee.MyFacesContainerInitializer.onStartup Using org.apache.myfaces.ee.MyFacesContainerInitializer
25-May-2023 00:08:07.613 INFO [main] org.apache.myfaces.ee.MyFacesContainerInitializer.onStartup Added FacesServlet with mappings=[/faces/*, *.jsf, *.faces, *.xhtml]
25-May-2023 00:08:07.713 INFO [main] jdk.internal.reflect.DelegatingMethodAccessorImpl.invoke At least one JAR was scanned for TLDs yet contained no TLDs. Enable debug logging for this logger for a complete list of JARs that were scanned but no TLDs were found in them. Skipping unneeded JARs during scanning can improve startup time and JSP compilation time.
25-May-2023 00:08:07.720 INFO [main] jdk.internal.reflect.DelegatingMethodAccessorImpl.invoke Deployment of web application directory [/home/gismael/Mine/apache-tomee-webprofile-9.0.0.RC1/webapps/cv] has finished in [5,485] ms
25-May-2023 00:08:07.725 INFO [main] jdk.internal.reflect.DelegatingMethodAccessorImpl.invoke Starting ProtocolHandler ["http-nio-8080"]
25-May-2023 00:08:07.753 INFO [main] jdk.internal.reflect.DelegatingMethodAccessorImpl.invoke Server startup in [24052] milliseconds
25-May-2023 00:12:50.073 INFO [main] jdk.internal.reflect.DelegatingMethodAccessorImpl.invoke A valid shutdown command was received via the shutdown port. Stopping the Server instance.
25-May-2023 00:12:50.174 INFO [main] jdk.internal.reflect.DelegatingMethodAccessorImpl.invoke Pausing ProtocolHandler ["http-nio-8080"]
25-May-2023 00:12:50.203 INFO [main] jdk.internal.reflect.DelegatingMethodAccessorImpl.invoke Stopping service [Catalina]
25-May-2023 00:12:50.516 WARNING [main] jdk.internal.reflect.NativeMethodAccessorImpl.invoke The web application [cv] registered the JDBC driver [com.mysql.cj.jdbc.Driver] but failed to unregister it when the web application was stopped. To prevent a memory leak, the JDBC Driver has been forcibly unregistered.
25-May-2023 00:12:50.517 WARNING [main] jdk.internal.reflect.NativeMethodAccessorImpl.invoke The web application [cv] appears to have started a thread named [mysql-cj-abandoned-connection-cleanup] but has failed to stop it. This is very likely to create a memory leak. Stack trace of thread:
 java.base@17.0.6/java.lang.Object.wait(Native Method)
 java.base@17.0.6/java.lang.ref.ReferenceQueue.remove(ReferenceQueue.java:155)
 com.mysql.cj.jdbc.AbandonedConnectionCleanupThread.run(AbandonedConnectionCleanupThread.java:91)
 java.base@17.0.6/java.util.concurrent.ThreadPoolExecutor.runWorker(ThreadPoolExecutor.java:1136)
 java.base@17.0.6/java.util.concurrent.ThreadPoolExecutor$Worker.run(ThreadPoolExecutor.java:635)
 java.base@17.0.6/java.lang.Thread.run(Thread.java:833)
25-May-2023 00:12:50.548 INFO [main] jdk.internal.reflect.DelegatingMethodAccessorImpl.invoke Stopping ProtocolHandler ["http-nio-8080"]
25-May-2023 00:12:50.565 INFO [main] jdk.internal.reflect.DelegatingMethodAccessorImpl.invoke Destroying ProtocolHandler ["http-nio-8080"]
