06-Mar-2023 01:51:20.112 INFO [Thread-23] jdk.internal.reflect.DelegatingMethodAccessorImpl.invoke Pausing ProtocolHandler ["http-nio-8080"]
06-Mar-2023 01:51:20.134 INFO [Thread-23] jdk.internal.reflect.DelegatingMethodAccessorImpl.invoke Stopping service [Catalina]
06-Mar-2023 01:51:20.161 INFO [Thread-23] org.apache.openejb.assembler.classic.Assembler.destroyApplication Undeploying app: /home/gismael/Mine/apache-tomee-webprofile-9.0.0.RC1/webapps/yaop
06-Mar-2023 01:51:20.299 INFO [Thread-23] org.apache.openejb.assembler.classic.Assembler.destroyApplication Undeploying app: /home/gismael/Mine/apache-tomee-webprofile-9.0.0.RC1/webapps/docs
06-Mar-2023 01:51:20.338 INFO [Thread-23] org.apache.openejb.assembler.classic.Assembler.destroyApplication Undeploying app: /home/gismael/Mine/apache-tomee-webprofile-9.0.0.RC1/webapps/host-manager
06-Mar-2023 01:51:20.385 INFO [Thread-23] org.apache.openejb.assembler.classic.Assembler.destroyApplication Undeploying app: /home/gismael/Mine/apache-tomee-webprofile-9.0.0.RC1/webapps/ROOT
06-Mar-2023 01:51:20.427 INFO [Thread-23] org.apache.openejb.assembler.classic.Assembler.destroyApplication Undeploying app: /home/gismael/Mine/apache-tomee-webprofile-9.0.0.RC1/webapps/manager
06-Mar-2023 01:51:20.480 INFO [Thread-23] org.apache.openejb.assembler.classic.Assembler.destroyApplication Undeploying app: /home/gismael/Mine/apache-tomee-webprofile-9.0.0.RC1/webapps/cv
06-Mar-2023 01:51:20.586 WARNING [Thread-23] org.apache.catalina.loader.WebappClassLoaderBase.clearReferencesThreads The web application [cv] appears to have started a thread named [reactor-http-epoll-1] but has failed to stop it. This is very likely to create a memory leak. Stack trace of thread:
 io.netty.channel.epoll.Native.epollWait(Native Method)
 io.netty.channel.epoll.Native.epollWait(Native.java:209)
 io.netty.channel.epoll.Native.epollWait(Native.java:202)
 io.netty.channel.epoll.EpollEventLoop.epollWaitNoTimerChange(EpollEventLoop.java:294)
 io.netty.channel.epoll.EpollEventLoop.run(EpollEventLoop.java:351)
 io.netty.util.concurrent.SingleThreadEventExecutor$4.run(SingleThreadEventExecutor.java:997)
 io.netty.util.internal.ThreadExecutorMap$2.run(ThreadExecutorMap.java:74)
 io.netty.util.concurrent.FastThreadLocalRunnable.run(FastThreadLocalRunnable.java:30)
 java.base@17.0.6/java.lang.Thread.run(Thread.java:833)
06-Mar-2023 01:51:20.592 WARNING [Thread-23] org.apache.catalina.loader.WebappClassLoaderBase.clearReferencesThreads The web application [cv] appears to have started a thread named [reactor-http-epoll-2] but has failed to stop it. This is very likely to create a memory leak. Stack trace of thread:
 io.netty.channel.epoll.Native.epollWait(Native Method)
 io.netty.channel.epoll.Native.epollWait(Native.java:209)
 io.netty.channel.epoll.Native.epollWait(Native.java:202)
 io.netty.channel.epoll.EpollEventLoop.epollWaitNoTimerChange(EpollEventLoop.java:294)
 io.netty.channel.epoll.EpollEventLoop.run(EpollEventLoop.java:351)
 io.netty.util.concurrent.SingleThreadEventExecutor$4.run(SingleThreadEventExecutor.java:997)
 io.netty.util.internal.ThreadExecutorMap$2.run(ThreadExecutorMap.java:74)
 io.netty.util.concurrent.FastThreadLocalRunnable.run(FastThreadLocalRunnable.java:30)
 java.base@17.0.6/java.lang.Thread.run(Thread.java:833)
06-Mar-2023 01:51:20.598 WARNING [Thread-23] org.apache.catalina.loader.WebappClassLoaderBase.clearReferencesThreads The web application [cv] appears to have started a thread named [reactor-http-epoll-3] but has failed to stop it. This is very likely to create a memory leak. Stack trace of thread:
 io.netty.channel.epoll.Native.epollWait(Native Method)
 io.netty.channel.epoll.Native.epollWait(Native.java:209)
 io.netty.channel.epoll.Native.epollWait(Native.java:202)
 io.netty.channel.epoll.EpollEventLoop.epollWaitNoTimerChange(EpollEventLoop.java:294)
 io.netty.channel.epoll.EpollEventLoop.run(EpollEventLoop.java:351)
 io.netty.util.concurrent.SingleThreadEventExecutor$4.run(SingleThreadEventExecutor.java:997)
 io.netty.util.internal.ThreadExecutorMap$2.run(ThreadExecutorMap.java:74)
 io.netty.util.concurrent.FastThreadLocalRunnable.run(FastThreadLocalRunnable.java:30)
 java.base@17.0.6/java.lang.Thread.run(Thread.java:833)
06-Mar-2023 01:51:20.602 WARNING [Thread-23] org.apache.catalina.loader.WebappClassLoaderBase.clearReferencesThreads The web application [cv] appears to have started a thread named [reactor-http-epoll-4] but has failed to stop it. This is very likely to create a memory leak. Stack trace of thread:
 io.netty.channel.epoll.Native.epollWait(Native Method)
 io.netty.channel.epoll.Native.epollWait(Native.java:209)
 io.netty.channel.epoll.Native.epollWait(Native.java:202)
 io.netty.channel.epoll.EpollEventLoop.epollWaitNoTimerChange(EpollEventLoop.java:294)
 io.netty.channel.epoll.EpollEventLoop.run(EpollEventLoop.java:351)
 io.netty.util.concurrent.SingleThreadEventExecutor$4.run(SingleThreadEventExecutor.java:997)
 io.netty.util.internal.ThreadExecutorMap$2.run(ThreadExecutorMap.java:74)
 io.netty.util.concurrent.FastThreadLocalRunnable.run(FastThreadLocalRunnable.java:30)
 java.base@17.0.6/java.lang.Thread.run(Thread.java:833)
06-Mar-2023 01:51:20.602 WARNING [Thread-23] org.apache.catalina.loader.WebappClassLoaderBase.clearReferencesThreads The web application [cv] appears to have started a thread named [reactor-http-epoll-5] but has failed to stop it. This is very likely to create a memory leak. Stack trace of thread:
 io.netty.channel.epoll.Native.epollWait(Native Method)
 io.netty.channel.epoll.Native.epollWait(Native.java:209)
 io.netty.channel.epoll.Native.epollWait(Native.java:202)
 io.netty.channel.epoll.EpollEventLoop.epollWaitNoTimerChange(EpollEventLoop.java:294)
 io.netty.channel.epoll.EpollEventLoop.run(EpollEventLoop.java:351)
 io.netty.util.concurrent.SingleThreadEventExecutor$4.run(SingleThreadEventExecutor.java:997)
 io.netty.util.internal.ThreadExecutorMap$2.run(ThreadExecutorMap.java:74)
 io.netty.util.concurrent.FastThreadLocalRunnable.run(FastThreadLocalRunnable.java:30)
 java.base@17.0.6/java.lang.Thread.run(Thread.java:833)
06-Mar-2023 01:51:20.603 WARNING [Thread-23] org.apache.catalina.loader.WebappClassLoaderBase.clearReferencesThreads The web application [cv] appears to have started a thread named [reactor-http-epoll-6] but has failed to stop it. This is very likely to create a memory leak. Stack trace of thread:
 io.netty.channel.epoll.Native.epollWait(Native Method)
 io.netty.channel.epoll.Native.epollWait(Native.java:209)
 io.netty.channel.epoll.Native.epollWait(Native.java:202)
 io.netty.channel.epoll.EpollEventLoop.epollWaitNoTimerChange(EpollEventLoop.java:294)
 io.netty.channel.epoll.EpollEventLoop.run(EpollEventLoop.java:351)
 io.netty.util.concurrent.SingleThreadEventExecutor$4.run(SingleThreadEventExecutor.java:997)
 io.netty.util.internal.ThreadExecutorMap$2.run(ThreadExecutorMap.java:74)
 io.netty.util.concurrent.FastThreadLocalRunnable.run(FastThreadLocalRunnable.java:30)
 java.base@17.0.6/java.lang.Thread.run(Thread.java:833)
06-Mar-2023 01:51:20.604 WARNING [Thread-23] org.apache.catalina.loader.WebappClassLoaderBase.clearReferencesThreads The web application [cv] appears to have started a thread named [reactor-http-epoll-7] but has failed to stop it. This is very likely to create a memory leak. Stack trace of thread:
 io.netty.channel.epoll.Native.epollWait(Native Method)
 io.netty.channel.epoll.Native.epollWait(Native.java:209)
 io.netty.channel.epoll.Native.epollWait(Native.java:202)
 io.netty.channel.epoll.EpollEventLoop.epollWaitNoTimerChange(EpollEventLoop.java:294)
 io.netty.channel.epoll.EpollEventLoop.run(EpollEventLoop.java:351)
 io.netty.util.concurrent.SingleThreadEventExecutor$4.run(SingleThreadEventExecutor.java:997)
 io.netty.util.internal.ThreadExecutorMap$2.run(ThreadExecutorMap.java:74)
 io.netty.util.concurrent.FastThreadLocalRunnable.run(FastThreadLocalRunnable.java:30)
 java.base@17.0.6/java.lang.Thread.run(Thread.java:833)
06-Mar-2023 01:51:20.604 WARNING [Thread-23] org.apache.catalina.loader.WebappClassLoaderBase.clearReferencesThreads The web application [cv] appears to have started a thread named [reactor-http-epoll-8] but has failed to stop it. This is very likely to create a memory leak. Stack trace of thread:
 io.netty.channel.epoll.Native.epollWait(Native Method)
 io.netty.channel.epoll.Native.epollWait(Native.java:209)
 io.netty.channel.epoll.Native.epollWait(Native.java:202)
 io.netty.channel.epoll.EpollEventLoop.epollWaitNoTimerChange(EpollEventLoop.java:294)
 io.netty.channel.epoll.EpollEventLoop.run(EpollEventLoop.java:351)
 io.netty.util.concurrent.SingleThreadEventExecutor$4.run(SingleThreadEventExecutor.java:997)
 io.netty.util.internal.ThreadExecutorMap$2.run(ThreadExecutorMap.java:74)
 io.netty.util.concurrent.FastThreadLocalRunnable.run(FastThreadLocalRunnable.java:30)
 java.base@17.0.6/java.lang.Thread.run(Thread.java:833)
06-Mar-2023 01:51:20.606 SEVERE [Thread-23] org.apache.catalina.loader.WebappClassLoaderBase.checkThreadLocalMapForLeaks The web application [cv] created a ThreadLocal with key of type [java.lang.ThreadLocal] (value [java.lang.ThreadLocal@6b48bea8]) and a value of type [io.netty.util.internal.InternalThreadLocalMap] (value [io.netty.util.internal.InternalThreadLocalMap@7b36462d]) but failed to remove it when the web application was stopped. Threads are going to be renewed over time to try and avoid a probable memory leak.
06-Mar-2023 01:51:20.606 SEVERE [Thread-23] org.apache.catalina.loader.WebappClassLoaderBase.checkThreadLocalMapForLeaks The web application [cv] created a ThreadLocal with key of type [java.lang.ThreadLocal] (value [java.lang.ThreadLocal@6b48bea8]) and a value of type [io.netty.util.internal.InternalThreadLocalMap] (value [io.netty.util.internal.InternalThreadLocalMap@7acfffbf]) but failed to remove it when the web application was stopped. Threads are going to be renewed over time to try and avoid a probable memory leak.
06-Mar-2023 01:51:20.609 INFO [Thread-23] jdk.internal.reflect.DelegatingMethodAccessorImpl.invoke Stopping ProtocolHandler ["http-nio-8080"]
06-Mar-2023 01:51:20.616 INFO [Thread-23] org.apache.openejb.server.SimpleServiceManager.stop Stopping server services
06-Mar-2023 01:51:20.639 INFO [Thread-23] org.apache.openejb.assembler.classic.Assembler.doResourceDestruction Closing DataSource: Default JDBC Database
06-Mar-2023 01:51:20.646 INFO [Thread-23] org.apache.openejb.assembler.classic.Assembler.doResourceDestruction Closing DataSource: Default Unmanaged JDBC Database
06-Mar-2023 01:51:20.653 INFO [Thread-23] jdk.internal.reflect.DelegatingMethodAccessorImpl.invoke Destroying ProtocolHandler ["http-nio-8080"]
06-Mar-2023 08:46:58.800 INFO [main] jdk.internal.reflect.NativeMethodAccessorImpl.invoke Server version name:   Apache Tomcat/10.0.27
06-Mar-2023 08:46:58.801 INFO [main] jdk.internal.reflect.NativeMethodAccessorImpl.invoke Server built:          Oct 3 2022 14:18:31 UTC
06-Mar-2023 08:46:58.801 INFO [main] jdk.internal.reflect.NativeMethodAccessorImpl.invoke Server version number: 10.0.27.0
06-Mar-2023 08:46:58.802 INFO [main] jdk.internal.reflect.NativeMethodAccessorImpl.invoke OS Name:               Linux
06-Mar-2023 08:46:58.802 INFO [main] jdk.internal.reflect.NativeMethodAccessorImpl.invoke OS Version:            6.1.13-100.fc36.x86_64
06-Mar-2023 08:46:58.802 INFO [main] jdk.internal.reflect.NativeMethodAccessorImpl.invoke Architecture:          amd64
06-Mar-2023 08:46:58.802 INFO [main] jdk.internal.reflect.NativeMethodAccessorImpl.invoke Java Home:             /usr/lib/jvm/java-17-openjdk-17.0.6.0.10-1.fc36.x86_64
06-Mar-2023 08:46:58.802 INFO [main] jdk.internal.reflect.NativeMethodAccessorImpl.invoke JVM Version:           17.0.6+10
06-Mar-2023 08:46:58.802 INFO [main] jdk.internal.reflect.NativeMethodAccessorImpl.invoke JVM Vendor:            Red Hat, Inc.
06-Mar-2023 08:46:58.802 INFO [main] jdk.internal.reflect.NativeMethodAccessorImpl.invoke CATALINA_BASE:         /home/gismael/Mine/apache-tomee-webprofile-9.0.0.RC1
06-Mar-2023 08:46:58.802 INFO [main] jdk.internal.reflect.NativeMethodAccessorImpl.invoke CATALINA_HOME:         /home/gismael/Mine/apache-tomee-webprofile-9.0.0.RC1
06-Mar-2023 08:46:58.827 INFO [main] jdk.internal.reflect.NativeMethodAccessorImpl.invoke Command line argument: --add-opens=java.base/java.lang=ALL-UNNAMED
06-Mar-2023 08:46:58.827 INFO [main] jdk.internal.reflect.NativeMethodAccessorImpl.invoke Command line argument: --add-opens=java.base/java.io=ALL-UNNAMED
06-Mar-2023 08:46:58.828 INFO [main] jdk.internal.reflect.NativeMethodAccessorImpl.invoke Command line argument: --add-opens=java.base/java.util=ALL-UNNAMED
06-Mar-2023 08:46:58.828 INFO [main] jdk.internal.reflect.NativeMethodAccessorImpl.invoke Command line argument: --add-opens=java.base/java.util.concurrent=ALL-UNNAMED
06-Mar-2023 08:46:58.828 INFO [main] jdk.internal.reflect.NativeMethodAccessorImpl.invoke Command line argument: --add-opens=java.rmi/sun.rmi.transport=ALL-UNNAMED
06-Mar-2023 08:46:58.829 INFO [main] jdk.internal.reflect.DelegatingMethodAccessorImpl.invoke Command line argument: -Djava.util.logging.config.file=/home/gismael/Mine/apache-tomee-webprofile-9.0.0.RC1/conf/logging.properties
06-Mar-2023 08:46:58.829 INFO [main] jdk.internal.reflect.DelegatingMethodAccessorImpl.invoke Command line argument: -Djava.util.logging.manager=org.apache.juli.ClassLoaderLogManager
06-Mar-2023 08:46:58.829 INFO [main] jdk.internal.reflect.DelegatingMethodAccessorImpl.invoke Command line argument: -javaagent:/home/gismael/Mine/apache-tomee-webprofile-9.0.0.RC1/lib/openejb-javaagent.jar
06-Mar-2023 08:46:58.829 INFO [main] jdk.internal.reflect.DelegatingMethodAccessorImpl.invoke Command line argument: -Djdk.tls.ephemeralDHKeySize=2048
06-Mar-2023 08:46:58.829 INFO [main] jdk.internal.reflect.DelegatingMethodAccessorImpl.invoke Command line argument: -Djava.protocol.handler.pkgs=org.apache.catalina.webresources
06-Mar-2023 08:46:58.829 INFO [main] jdk.internal.reflect.DelegatingMethodAccessorImpl.invoke Command line argument: -Dorg.apache.catalina.security.SecurityListener.UMASK=0027
06-Mar-2023 08:46:58.829 INFO [main] jdk.internal.reflect.DelegatingMethodAccessorImpl.invoke Command line argument: -Dignore.endorsed.dirs=
06-Mar-2023 08:46:58.829 INFO [main] jdk.internal.reflect.DelegatingMethodAccessorImpl.invoke Command line argument: -Dcatalina.base=/home/gismael/Mine/apache-tomee-webprofile-9.0.0.RC1
06-Mar-2023 08:46:58.829 INFO [main] jdk.internal.reflect.DelegatingMethodAccessorImpl.invoke Command line argument: -Dcatalina.home=/home/gismael/Mine/apache-tomee-webprofile-9.0.0.RC1
06-Mar-2023 08:46:58.829 INFO [main] jdk.internal.reflect.DelegatingMethodAccessorImpl.invoke Command line argument: -Djava.io.tmpdir=/home/gismael/Mine/apache-tomee-webprofile-9.0.0.RC1/temp
06-Mar-2023 08:46:58.831 INFO [main] jdk.internal.reflect.DelegatingMethodAccessorImpl.invoke The Apache Tomcat Native library which allows using OpenSSL was not found on the java.library.path: [/usr/java/packages/lib:/usr/lib64:/lib64:/lib:/usr/lib]
06-Mar-2023 08:46:59.205 INFO [main] jdk.internal.reflect.DelegatingMethodAccessorImpl.invoke Initializing ProtocolHandler ["http-nio-8080"]
06-Mar-2023 08:46:59.501 INFO [main] org.apache.openejb.util.OptionsLog.info Using 'openejb.jdbc.datasource-creator=org.apache.tomee.jdbc.TomEEDataSourceCreator'
06-Mar-2023 08:46:59.600 INFO [main] org.apache.openejb.OpenEJB$Instance.<init> ********************************************************************************
06-Mar-2023 08:46:59.600 INFO [main] org.apache.openejb.OpenEJB$Instance.<init> OpenEJB http://tomee.apache.org/
06-Mar-2023 08:46:59.600 INFO [main] org.apache.openejb.OpenEJB$Instance.<init> Startup: Mon Mar 06 08:46:59 CST 2023
06-Mar-2023 08:46:59.600 INFO [main] org.apache.openejb.OpenEJB$Instance.<init> Copyright 1999-2021 (C) Apache TomEE Project, All Rights Reserved.
06-Mar-2023 08:46:59.600 INFO [main] org.apache.openejb.OpenEJB$Instance.<init> Version: 9.0.0.RC1
06-Mar-2023 08:46:59.601 INFO [main] org.apache.openejb.OpenEJB$Instance.<init> Build date: 20221031
06-Mar-2023 08:46:59.601 INFO [main] org.apache.openejb.OpenEJB$Instance.<init> Build time: 10:07
06-Mar-2023 08:46:59.601 INFO [main] org.apache.openejb.OpenEJB$Instance.<init> ********************************************************************************
06-Mar-2023 08:46:59.601 INFO [main] org.apache.openejb.OpenEJB$Instance.<init> openejb.home = /home/gismael/Mine/apache-tomee-webprofile-9.0.0.RC1
06-Mar-2023 08:46:59.601 INFO [main] org.apache.openejb.OpenEJB$Instance.<init> openejb.base = /home/gismael/Mine/apache-tomee-webprofile-9.0.0.RC1
06-Mar-2023 08:46:59.603 INFO [main] org.apache.openejb.cdi.CdiBuilder.initializeOWB Created new singletonService org.apache.openejb.cdi.ThreadSingletonServiceImpl@1722011b
06-Mar-2023 08:46:59.606 INFO [main] org.apache.openejb.cdi.CdiBuilder.initializeOWB Succeeded in installing singleton service
06-Mar-2023 08:46:59.643 INFO [main] org.apache.openejb.config.ConfigurationFactory.init TomEE configuration file is '/home/gismael/Mine/apache-tomee-webprofile-9.0.0.RC1/conf/tomee.xml'
06-Mar-2023 08:46:59.685 INFO [main] org.apache.openejb.config.ConfigurationFactory.configureService Configuring Service(id=Tomcat Security Service, type=SecurityService, provider-id=Tomcat Security Service)
06-Mar-2023 08:46:59.688 INFO [main] org.apache.openejb.config.ConfigurationFactory.configureService Configuring Service(id=Default Transaction Manager, type=TransactionManager, provider-id=Default Transaction Manager)
06-Mar-2023 08:46:59.692 INFO [main] org.apache.openejb.util.OptionsLog.info Using 'openejb.deployments.classpath=false'
06-Mar-2023 08:46:59.696 INFO [main] org.apache.openejb.assembler.classic.Assembler.createRecipe Creating TransactionManager(id=Default Transaction Manager)
06-Mar-2023 08:46:59.757 INFO [main] org.apache.openejb.assembler.classic.Assembler.createRecipe Creating SecurityService(id=Tomcat Security Service)
06-Mar-2023 08:46:59.921 INFO [main] org.apache.openejb.server.ServiceManager.initServer Creating ServerService(id=cxf)
06-Mar-2023 08:47:00.196 INFO [main] org.apache.openejb.server.ServiceManager.initServer Creating ServerService(id=cxf-rs)
06-Mar-2023 08:47:00.220 INFO [main] org.apache.openejb.server.SimpleServiceManager.start   ** Bound Services **
06-Mar-2023 08:47:00.221 INFO [main] org.apache.openejb.server.SimpleServiceManager.printRow   NAME                 IP              PORT  
06-Mar-2023 08:47:00.221 INFO [main] org.apache.openejb.server.SimpleServiceManager.start -------
06-Mar-2023 08:47:00.221 INFO [main] org.apache.openejb.server.SimpleServiceManager.start Ready!
06-Mar-2023 08:47:00.221 INFO [main] jdk.internal.reflect.DelegatingMethodAccessorImpl.invoke Server initialization in [1695] milliseconds
06-Mar-2023 08:47:00.259 INFO [main] org.apache.tomee.catalina.OpenEJBNamingContextListener.bindResource Importing a Tomcat Resource with id 'UserDatabase' of type 'org.apache.catalina.UserDatabase'.
06-Mar-2023 08:47:00.259 INFO [main] org.apache.openejb.assembler.classic.Assembler.createRecipe Creating Resource(id=UserDatabase)
06-Mar-2023 08:47:00.282 INFO [main] jdk.internal.reflect.DelegatingMethodAccessorImpl.invoke Starting service [Catalina]
06-Mar-2023 08:47:00.282 INFO [main] jdk.internal.reflect.DelegatingMethodAccessorImpl.invoke Starting Servlet engine: [Apache Tomcat/10.0.27]
06-Mar-2023 08:47:00.300 INFO [main] jdk.internal.reflect.DelegatingMethodAccessorImpl.invoke Deploying web application archive [/home/gismael/Mine/apache-tomee-webprofile-9.0.0.RC1/webapps/yaop.war]
06-Mar-2023 08:47:00.308 INFO [main] org.apache.tomee.catalina.TomcatWebAppBuilder.init ------------------------- localhost -> /yaop
06-Mar-2023 08:47:00.559 INFO [main] org.apache.openejb.config.ConfigurationFactory.configureApplication Configuring enterprise application: /home/gismael/Mine/apache-tomee-webprofile-9.0.0.RC1/webapps/yaop
06-Mar-2023 08:47:00.675 INFO [main] org.apache.openejb.config.ConfigurationFactory.configureService Configuring Service(id=Default Managed Container, type=Container, provider-id=Default Managed Container)
06-Mar-2023 08:47:00.676 INFO [main] org.apache.openejb.config.AutoConfig.createContainer Auto-creating a container for bean yaop.Comp1580874189: Container(type=MANAGED, id=Default Managed Container)
06-Mar-2023 08:47:00.676 INFO [main] org.apache.openejb.assembler.classic.Assembler.createRecipe Creating Container(id=Default Managed Container)
06-Mar-2023 08:47:00.685 INFO [main] org.apache.openejb.core.managed.SimplePassivater.init Using directory /home/gismael/Mine/apache-tomee-webprofile-9.0.0.RC1/temp for stateful session passivation
06-Mar-2023 08:47:00.710 INFO [main] org.apache.openejb.config.AppInfoBuilder.build Enterprise application "/home/gismael/Mine/apache-tomee-webprofile-9.0.0.RC1/webapps/yaop" loaded.
06-Mar-2023 08:47:00.724 INFO [main] org.apache.openejb.assembler.classic.Assembler.createApplication Assembling app: /home/gismael/Mine/apache-tomee-webprofile-9.0.0.RC1/webapps/yaop
06-Mar-2023 08:47:00.827 INFO [main] org.apache.openejb.assembler.classic.ValidatorBuilder.getConfig Ignoring XML Configuration for validator org.apache.bval.jsr.ConfigurationImpl
06-Mar-2023 08:47:00.866 INFO [main] org.apache.openejb.assembler.classic.Assembler.createApplication Deployed Application(path=/home/gismael/Mine/apache-tomee-webprofile-9.0.0.RC1/webapps/yaop)
06-Mar-2023 08:47:01.029 INFO [main] org.apache.myfaces.ee.MyFacesContainerInitializer.onStartup Using org.apache.myfaces.ee.MyFacesContainerInitializer
06-Mar-2023 08:47:01.153 INFO [main] jdk.internal.reflect.DelegatingMethodAccessorImpl.invoke Deployment of web application archive [/home/gismael/Mine/apache-tomee-webprofile-9.0.0.RC1/webapps/yaop.war] has finished in [852] ms
06-Mar-2023 08:47:01.154 INFO [main] jdk.internal.reflect.DelegatingMethodAccessorImpl.invoke Deploying web application directory [/home/gismael/Mine/apache-tomee-webprofile-9.0.0.RC1/webapps/docs]
06-Mar-2023 08:47:01.154 INFO [main] org.apache.tomee.catalina.TomcatWebAppBuilder.init ------------------------- localhost -> /docs
06-Mar-2023 08:47:01.171 INFO [main] org.apache.openejb.config.ConfigurationFactory.configureApplication Configuring enterprise application: /home/gismael/Mine/apache-tomee-webprofile-9.0.0.RC1/webapps/docs
06-Mar-2023 08:47:01.175 INFO [main] org.apache.openejb.config.AppInfoBuilder.build Enterprise application "/home/gismael/Mine/apache-tomee-webprofile-9.0.0.RC1/webapps/docs" loaded.
06-Mar-2023 08:47:01.175 INFO [main] org.apache.openejb.assembler.classic.Assembler.createApplication Assembling app: /home/gismael/Mine/apache-tomee-webprofile-9.0.0.RC1/webapps/docs
06-Mar-2023 08:47:01.180 INFO [main] org.apache.openejb.assembler.classic.ValidatorBuilder.getConfig Ignoring XML Configuration for validator org.apache.bval.jsr.ConfigurationImpl
06-Mar-2023 08:47:01.192 INFO [main] org.apache.openejb.assembler.classic.Assembler.createApplication Deployed Application(path=/home/gismael/Mine/apache-tomee-webprofile-9.0.0.RC1/webapps/docs)
06-Mar-2023 08:47:01.207 INFO [main] org.apache.myfaces.ee.MyFacesContainerInitializer.onStartup Using org.apache.myfaces.ee.MyFacesContainerInitializer
06-Mar-2023 08:47:01.223 INFO [main] jdk.internal.reflect.DelegatingMethodAccessorImpl.invoke Deployment of web application directory [/home/gismael/Mine/apache-tomee-webprofile-9.0.0.RC1/webapps/docs] has finished in [69] ms
06-Mar-2023 08:47:01.223 INFO [main] jdk.internal.reflect.DelegatingMethodAccessorImpl.invoke Deploying web application directory [/home/gismael/Mine/apache-tomee-webprofile-9.0.0.RC1/webapps/host-manager]
06-Mar-2023 08:47:01.226 INFO [main] org.apache.tomee.catalina.TomcatWebAppBuilder.init ------------------------- localhost -> /host-manager
06-Mar-2023 08:47:01.253 INFO [main] org.apache.openejb.config.ConfigurationFactory.configureApplication Configuring enterprise application: /home/gismael/Mine/apache-tomee-webprofile-9.0.0.RC1/webapps/host-manager
06-Mar-2023 08:47:01.258 INFO [main] org.apache.openejb.config.AppInfoBuilder.build Enterprise application "/home/gismael/Mine/apache-tomee-webprofile-9.0.0.RC1/webapps/host-manager" loaded.
06-Mar-2023 08:47:01.258 INFO [main] org.apache.openejb.assembler.classic.Assembler.createApplication Assembling app: /home/gismael/Mine/apache-tomee-webprofile-9.0.0.RC1/webapps/host-manager
06-Mar-2023 08:47:01.262 INFO [main] org.apache.openejb.assembler.classic.ValidatorBuilder.getConfig Ignoring XML Configuration for validator org.apache.bval.jsr.ConfigurationImpl
06-Mar-2023 08:47:01.265 INFO [main] org.apache.tomee.catalina.TomcatWebAppBuilder.deployWebApps using context file /home/gismael/Mine/apache-tomee-webprofile-9.0.0.RC1/webapps/host-manager/META-INF/context.xml
06-Mar-2023 08:47:01.265 INFO [main] org.apache.openejb.assembler.classic.Assembler.createApplication Deployed Application(path=/home/gismael/Mine/apache-tomee-webprofile-9.0.0.RC1/webapps/host-manager)
06-Mar-2023 08:47:01.283 INFO [main] org.apache.myfaces.ee.MyFacesContainerInitializer.onStartup Using org.apache.myfaces.ee.MyFacesContainerInitializer
06-Mar-2023 08:47:01.303 INFO [main] jdk.internal.reflect.DelegatingMethodAccessorImpl.invoke Deployment of web application directory [/home/gismael/Mine/apache-tomee-webprofile-9.0.0.RC1/webapps/host-manager] has finished in [80] ms
06-Mar-2023 08:47:01.303 INFO [main] jdk.internal.reflect.DelegatingMethodAccessorImpl.invoke Deploying web application directory [/home/gismael/Mine/apache-tomee-webprofile-9.0.0.RC1/webapps/ROOT]
06-Mar-2023 08:47:01.304 INFO [main] org.apache.tomee.catalina.TomcatWebAppBuilder.init ------------------------- localhost -> /
06-Mar-2023 08:47:01.314 INFO [main] org.apache.openejb.config.ConfigurationFactory.configureApplication Configuring enterprise application: /home/gismael/Mine/apache-tomee-webprofile-9.0.0.RC1/webapps/ROOT
06-Mar-2023 08:47:01.317 INFO [main] org.apache.openejb.config.AppInfoBuilder.build Enterprise application "/home/gismael/Mine/apache-tomee-webprofile-9.0.0.RC1/webapps/ROOT" loaded.
06-Mar-2023 08:47:01.317 INFO [main] org.apache.openejb.assembler.classic.Assembler.createApplication Assembling app: /home/gismael/Mine/apache-tomee-webprofile-9.0.0.RC1/webapps/ROOT
06-Mar-2023 08:47:01.322 INFO [main] org.apache.openejb.assembler.classic.ValidatorBuilder.getConfig Ignoring XML Configuration for validator org.apache.bval.jsr.ConfigurationImpl
06-Mar-2023 08:47:01.324 INFO [main] org.apache.openejb.assembler.classic.Assembler.createApplication Deployed Application(path=/home/gismael/Mine/apache-tomee-webprofile-9.0.0.RC1/webapps/ROOT)
06-Mar-2023 08:47:01.339 INFO [main] org.apache.myfaces.ee.MyFacesContainerInitializer.onStartup Using org.apache.myfaces.ee.MyFacesContainerInitializer
06-Mar-2023 08:47:01.354 INFO [main] jdk.internal.reflect.DelegatingMethodAccessorImpl.invoke Deployment of web application directory [/home/gismael/Mine/apache-tomee-webprofile-9.0.0.RC1/webapps/ROOT] has finished in [50] ms
06-Mar-2023 08:47:01.354 INFO [main] jdk.internal.reflect.DelegatingMethodAccessorImpl.invoke Deploying web application directory [/home/gismael/Mine/apache-tomee-webprofile-9.0.0.RC1/webapps/manager]
06-Mar-2023 08:47:01.355 INFO [main] org.apache.tomee.catalina.TomcatWebAppBuilder.init ------------------------- localhost -> /manager
06-Mar-2023 08:47:01.373 INFO [main] org.apache.openejb.config.ConfigurationFactory.configureApplication Configuring enterprise application: /home/gismael/Mine/apache-tomee-webprofile-9.0.0.RC1/webapps/manager
06-Mar-2023 08:47:01.380 INFO [main] org.apache.openejb.config.AppInfoBuilder.build Enterprise application "/home/gismael/Mine/apache-tomee-webprofile-9.0.0.RC1/webapps/manager" loaded.
06-Mar-2023 08:47:01.380 INFO [main] org.apache.openejb.assembler.classic.Assembler.createApplication Assembling app: /home/gismael/Mine/apache-tomee-webprofile-9.0.0.RC1/webapps/manager
06-Mar-2023 08:47:01.384 INFO [main] org.apache.openejb.assembler.classic.ValidatorBuilder.getConfig Ignoring XML Configuration for validator org.apache.bval.jsr.ConfigurationImpl
06-Mar-2023 08:47:01.387 INFO [main] org.apache.tomee.catalina.TomcatWebAppBuilder.deployWebApps using context file /home/gismael/Mine/apache-tomee-webprofile-9.0.0.RC1/webapps/manager/META-INF/context.xml
06-Mar-2023 08:47:01.387 INFO [main] org.apache.openejb.assembler.classic.Assembler.createApplication Deployed Application(path=/home/gismael/Mine/apache-tomee-webprofile-9.0.0.RC1/webapps/manager)
06-Mar-2023 08:47:01.403 INFO [main] org.apache.myfaces.ee.MyFacesContainerInitializer.onStartup Using org.apache.myfaces.ee.MyFacesContainerInitializer
06-Mar-2023 08:47:01.420 INFO [main] jdk.internal.reflect.DelegatingMethodAccessorImpl.invoke Deployment of web application directory [/home/gismael/Mine/apache-tomee-webprofile-9.0.0.RC1/webapps/manager] has finished in [65] ms
06-Mar-2023 08:47:01.420 INFO [main] jdk.internal.reflect.DelegatingMethodAccessorImpl.invoke Deploying web application directory [/home/gismael/Mine/apache-tomee-webprofile-9.0.0.RC1/webapps/cv]
06-Mar-2023 08:47:01.421 INFO [main] org.apache.tomee.catalina.TomcatWebAppBuilder.init ------------------------- localhost -> /cv
06-Mar-2023 08:47:01.894 INFO [main] org.apache.openejb.config.ConfigurationFactory.configureApplication Configuring enterprise application: /home/gismael/Mine/apache-tomee-webprofile-9.0.0.RC1/webapps/cv
06-Mar-2023 08:47:02.106 INFO [main] org.apache.openejb.config.AutoConfig.deploy Configuring PersistenceUnit(name=default)
06-Mar-2023 08:47:02.107 INFO [main] org.apache.openejb.config.ConfigurationFactory.configureService Configuring Service(id=Default JDBC Database, type=Resource, provider-id=Default JDBC Database)
06-Mar-2023 08:47:02.108 INFO [main] org.apache.openejb.config.AutoConfig.logAutoCreateResource Auto-creating a Resource with id 'Default JDBC Database' of type 'DataSource' for 'default'.
06-Mar-2023 08:47:02.108 INFO [main] org.apache.openejb.assembler.classic.Assembler.createRecipe Creating Resource(id=Default JDBC Database)
06-Mar-2023 08:47:02.483 INFO [main] org.apache.openejb.config.ConfigurationFactory.configureService Configuring Service(id=Default Unmanaged JDBC Database, type=Resource, provider-id=Default Unmanaged JDBC Database)
06-Mar-2023 08:47:02.483 INFO [main] org.apache.openejb.config.AutoConfig.logAutoCreateResource Auto-creating a Resource with id 'Default Unmanaged JDBC Database' of type 'DataSource' for 'default'.
06-Mar-2023 08:47:02.484 INFO [main] org.apache.openejb.assembler.classic.Assembler.createRecipe Creating Resource(id=Default Unmanaged JDBC Database)
06-Mar-2023 08:47:02.495 INFO [main] org.apache.openejb.config.AutoConfig.setJtaDataSource Adjusting PersistenceUnit default <jta-data-source> to Resource ID 'Default JDBC Database' from 'null'
06-Mar-2023 08:47:02.496 INFO [main] org.apache.openejb.config.AutoConfig.setNonJtaDataSource Adjusting PersistenceUnit default <non-jta-data-source> to Resource ID 'Default Unmanaged JDBC Database' from 'null'
06-Mar-2023 08:47:02.501 INFO [main] org.apache.openejb.config.AppInfoBuilder.build Enterprise application "/home/gismael/Mine/apache-tomee-webprofile-9.0.0.RC1/webapps/cv" loaded.
06-Mar-2023 08:47:02.501 INFO [main] org.apache.openejb.assembler.classic.Assembler.createApplication Assembling app: /home/gismael/Mine/apache-tomee-webprofile-9.0.0.RC1/webapps/cv
06-Mar-2023 08:47:02.578 INFO [main] org.apache.openejb.assembler.classic.ValidatorBuilder.getConfig Ignoring XML Configuration for validator org.apache.bval.jsr.ConfigurationImpl
06-Mar-2023 08:47:02.614 INFO [main] null.openjpa.Enhance You have enabled runtime enhancement, but have not specified the set of persistent classes.  OpenJPA must look for metadata for every loaded class, which might increase class load times significantly.
06-Mar-2023 08:47:02.661 INFO [main] null.openjpa.Runtime OpenJPA dynamically loaded a validation provider.
06-Mar-2023 08:47:02.674 INFO [main] org.apache.openejb.assembler.classic.ReloadableEntityManagerFactory.createDelegate PersistenceUnit(name=default, provider=org.apache.openjpa.persistence.PersistenceProviderImpl) - provider time 163ms
06-Mar-2023 08:47:02.685 INFO [main] org.apache.openejb.assembler.classic.Assembler.createApplication Deployed Application(path=/home/gismael/Mine/apache-tomee-webprofile-9.0.0.RC1/webapps/cv)
06-Mar-2023 08:47:02.730 INFO [main] org.apache.myfaces.ee.MyFacesContainerInitializer.onStartup Using org.apache.myfaces.ee.MyFacesContainerInitializer
06-Mar-2023 08:47:02.759 INFO [main] org.apache.jasper.servlet.TldScanner.scanJars At least one JAR was scanned for TLDs yet contained no TLDs. Enable debug logging for this logger for a complete list of JARs that were scanned but no TLDs were found in them. Skipping unneeded JARs during scanning can improve startup time and JSP compilation time.
06-Mar-2023 08:47:02.766 INFO [main] jdk.internal.reflect.DelegatingMethodAccessorImpl.invoke Deployment of web application directory [/home/gismael/Mine/apache-tomee-webprofile-9.0.0.RC1/webapps/cv] has finished in [1,346] ms
06-Mar-2023 08:47:02.770 INFO [main] jdk.internal.reflect.DelegatingMethodAccessorImpl.invoke Starting ProtocolHandler ["http-nio-8080"]
06-Mar-2023 08:47:02.781 INFO [main] jdk.internal.reflect.DelegatingMethodAccessorImpl.invoke Server startup in [2559] milliseconds
06-Mar-2023 08:49:06.915 INFO [http-nio-8080-exec-2] com.azure.core.util.logging.ClientLogger.info Package versions: jackson-core=2.13.3, jackson-databind=2.13.3, jackson-dataformat-xml=2.13.3, jackson-datatype-jsr310=2.13.3, azure-core=1.31.0, Troubleshooting version conflicts: https://aka.ms/azsdk/java/dependency/troubleshoot
06-Mar-2023 08:49:32.949 SEVERE [reactor-http-epoll-4] com.azure.core.util.logging.LoggingEventBuilder.performLogging {"az.sdk.message":"Retry attempts have been exhausted.","exception":"servcom.communication.azure.com","tryCount":3}
