06-Mar-2023 08:49:32.952 SEVERE [http-nio-8080-exec-2] org.apache.catalina.core.StandardWrapperValve.invoke Servlet.service() for servlet [9M7Pl4hwPbiBisiI5hrVlMWvG2w28uKdIdfet8Vyux6AzH3Gu4h6LGVzKQhuEejciVydQ74VX5f9zxVMyDllnGe9B8IyHRqSszdGBsgbukaqQSDNgot4ySgMYBU8Fiuv] in context with path [/cv] threw exception
	reactor.core.Exceptions$ReactiveException: java.net.UnknownHostException: servcom.communication.azure.com
		at reactor.core.Exceptions.propagate(Exceptions.java:392)
		at reactor.core.publisher.BlockingSingleSubscriber.blockingGet(BlockingSingleSubscriber.java:97)
		at reactor.core.publisher.Mono.block(Mono.java:1707)
		at com.azure.communication.email.EmailClient.send(EmailClient.java:45)
		at function.azureMailSender.sendPlain(azureMailSender.java:33)
		at com.example.cv.authSrv1.doPost(authSrv1.java:33)
		at jakarta.servlet.http.HttpServlet.service(HttpServlet.java:520)
		at jakarta.servlet.http.HttpServlet.service(HttpServlet.java:587)
		at org.apache.catalina.core.ApplicationFilterChain.internalDoFilter(ApplicationFilterChain.java:223)
		at org.apache.catalina.core.ApplicationFilterChain.doFilter(ApplicationFilterChain.java:158)
		at org.apache.tomcat.websocket.server.WsFilter.doFilter(WsFilter.java:53)
		at org.apache.catalina.core.ApplicationFilterChain.internalDoFilter(ApplicationFilterChain.java:185)
		at org.apache.catalina.core.ApplicationFilterChain.doFilter(ApplicationFilterChain.java:158)
		at org.apache.catalina.core.StandardWrapperValve.invoke(StandardWrapperValve.java:197)
		at org.apache.catalina.core.StandardContextValve.invoke(StandardContextValve.java:97)
		at org.apache.tomee.catalina.OpenEJBValve.invoke(OpenEJBValve.java:45)
		at org.apache.catalina.authenticator.AuthenticatorBase.invoke(AuthenticatorBase.java:542)
		at org.apache.catalina.core.StandardHostValve.invoke(StandardHostValve.java:119)
		at org.apache.catalina.valves.ErrorReportValve.invoke(ErrorReportValve.java:92)
		at org.apache.tomee.catalina.OpenEJBSecurityListener$RequestCapturer.invoke(OpenEJBSecurityListener.java:97)
		at org.apache.catalina.valves.AbstractAccessLogValve.invoke(AbstractAccessLogValve.java:690)
		at org.apache.catalina.core.StandardEngineValve.invoke(StandardEngineValve.java:78)
		at org.apache.catalina.connector.CoyoteAdapter.service(CoyoteAdapter.java:356)
		at org.apache.coyote.http11.Http11Processor.service(Http11Processor.java:399)
		at org.apache.coyote.AbstractProcessorLight.process(AbstractProcessorLight.java:65)
		at org.apache.coyote.AbstractProtocol$ConnectionHandler.process(AbstractProtocol.java:870)
		at org.apache.tomcat.util.net.NioEndpoint$SocketProcessor.doRun(NioEndpoint.java:1762)
		at org.apache.tomcat.util.net.SocketProcessorBase.run(SocketProcessorBase.java:49)
		at org.apache.tomcat.util.threads.ThreadPoolExecutor.runWorker(ThreadPoolExecutor.java:1191)
		at org.apache.tomcat.util.threads.ThreadPoolExecutor$Worker.run(ThreadPoolExecutor.java:659)
		at org.apache.tomcat.util.threads.TaskThread$WrappingRunnable.run(TaskThread.java:61)
		at java.base/java.lang.Thread.run(Thread.java:833)
		Suppressed: java.lang.Exception: #block terminated with an error
			at reactor.core.publisher.BlockingSingleSubscriber.blockingGet(BlockingSingleSubscriber.java:99)
			... 30 more
	Caused by: java.net.UnknownHostException: servcom.communication.azure.com
		at java.base/java.net.InetAddress$CachedAddresses.get(InetAddress.java:801)
		at java.base/java.net.InetAddress.getAllByName0(InetAddress.java:1524)
		at java.base/java.net.InetAddress.getAllByName(InetAddress.java:1381)
		at java.base/java.net.InetAddress.getAllByName(InetAddress.java:1305)
		at io.netty.util.internal.SocketUtils$9.run(SocketUtils.java:169)
		at io.netty.util.internal.SocketUtils$9.run(SocketUtils.java:166)
		at java.base/java.security.AccessController.doPrivileged(AccessController.java:569)
		at io.netty.util.internal.SocketUtils.allAddressesByName(SocketUtils.java:166)
		at io.netty.resolver.DefaultNameResolver.doResolveAll(DefaultNameResolver.java:50)
		at io.netty.resolver.SimpleNameResolver.resolveAll(SimpleNameResolver.java:79)
		at io.netty.resolver.SimpleNameResolver.resolveAll(SimpleNameResolver.java:71)
		at io.netty.resolver.InetSocketAddressResolver.doResolveAll(InetSocketAddressResolver.java:73)
		at io.netty.resolver.InetSocketAddressResolver.doResolveAll(InetSocketAddressResolver.java:31)
		at io.netty.resolver.AbstractAddressResolver.resolveAll(AbstractAddressResolver.java:158)
		at reactor.netty.transport.TransportConnector.doResolveAndConnect(TransportConnector.java:300)
		at reactor.netty.transport.TransportConnector.lambda$connect$6(TransportConnector.java:127)
		at reactor.core.publisher.MonoFlatMap$FlatMapMain.onNext(MonoFlatMap.java:125)
		at reactor.netty.transport.TransportConnector$MonoChannelPromise._subscribe(TransportConnector.java:596)
		at reactor.netty.transport.TransportConnector$MonoChannelPromise.lambda$subscribe$0(TransportConnector.java:516)
		at io.netty.util.concurrent.AbstractEventExecutor.runTask(AbstractEventExecutor.java:174)
		at io.netty.util.concurrent.AbstractEventExecutor.safeExecute(AbstractEventExecutor.java:167)
		at io.netty.util.concurrent.SingleThreadEventExecutor.runAllTasks(SingleThreadEventExecutor.java:470)
		at io.netty.channel.epoll.EpollEventLoop.run(EpollEventLoop.java:391)
		at io.netty.util.concurrent.SingleThreadEventExecutor$4.run(SingleThreadEventExecutor.java:997)
		at io.netty.util.internal.ThreadExecutorMap$2.run(ThreadExecutorMap.java:74)
		at io.netty.util.concurrent.FastThreadLocalRunnable.run(FastThreadLocalRunnable.java:30)
		... 1 more
		Suppressed: java.net.UnknownHostException: servcom.communication.azure.com: Name or service not known
			at java.base/java.net.Inet6AddressImpl.lookupAllHostAddr(Native Method)
			at java.base/java.net.InetAddress$PlatformNameService.lookupAllHostAddr(InetAddress.java:933)
			at java.base/java.net.InetAddress.getAddressesFromNameService(InetAddress.java:1534)
			at java.base/java.net.InetAddress$NameServiceAddresses.get(InetAddress.java:852)
			... 26 more
		Suppressed: java.net.UnknownHostException: servcom.communication.azure.com
			... 27 more
		Suppressed: java.net.UnknownHostException: servcom.communication.azure.com
			... 27 more
